<?xml version="1.0" encoding="UTF-8"?>
<coverage generated="1540986046597" clover="3.2.0">
  <project timestamp="1540986046597" name="All files">
    <metrics statements="84" coveredstatements="79" conditionals="53" coveredconditionals="46" methods="20" coveredmethods="20" elements="157" coveredelements="145" complexity="0" loc="84" ncloc="84" packages="1" files="3" classes="3">
      <file name="dataset_utils.js" path="/Applications/XAMPP/xamppfiles/htdocs/2DAW/2DAW/DesarrolloWebEntornoCliente/testing/Actividad_Grupal/buggy_code/app/data/dataset_utils.js">
        <metrics statements="20" coveredstatements="16" conditionals="39" coveredconditionals="33" methods="4" coveredmethods="4"/>
        <line num="4" count="2" type="stmt"/>
        <line num="83" count="40" type="cond" truecount="8" falsecount="0"/>
        <line num="89" count="14" type="stmt"/>
        <line num="91" count="26" type="stmt"/>
        <line num="104" count="40" type="cond" truecount="8" falsecount="1"/>
        <line num="111" count="0" type="stmt"/>
        <line num="113" count="40" type="stmt"/>
        <line num="122" count="80" type="cond" truecount="14" falsecount="1"/>
        <line num="135" count="80" type="stmt"/>
        <line num="137" count="0" type="stmt"/>
        <line num="146" count="40" type="cond" truecount="1" falsecount="1"/>
        <line num="147" count="0" type="stmt"/>
        <line num="148" count="40" type="cond" truecount="2" falsecount="3"/>
        <line num="149" count="0" type="stmt"/>
        <line num="151" count="40" type="stmt"/>
        <line num="154" count="2" type="stmt"/>
        <line num="155" count="2" type="stmt"/>
        <line num="156" count="2" type="stmt"/>
        <line num="157" count="2" type="stmt"/>
        <line num="158" count="2" type="stmt"/>
      </file>
      <file name="json_reader.js" path="/Applications/XAMPP/xamppfiles/htdocs/2DAW/2DAW/DesarrolloWebEntornoCliente/testing/Actividad_Grupal/buggy_code/app/data/json_reader.js">
        <metrics statements="19" coveredstatements="19" conditionals="2" coveredconditionals="2" methods="2" coveredmethods="2"/>
        <line num="1" count="2" type="stmt"/>
        <line num="2" count="2" type="stmt"/>
        <line num="3" count="2" type="stmt"/>
        <line num="4" count="2" type="stmt"/>
        <line num="12" count="13" type="stmt"/>
        <line num="13" count="13" type="stmt"/>
        <line num="14" count="39" type="stmt"/>
        <line num="15" count="39" type="stmt"/>
        <line num="16" count="39" type="stmt"/>
        <line num="18" count="13" type="stmt"/>
        <line num="28" count="17" type="stmt"/>
        <line num="29" count="17" type="stmt"/>
        <line num="30" count="17" type="stmt"/>
        <line num="33" count="2" type="cond" truecount="2" falsecount="0"/>
        <line num="34" count="1" type="stmt"/>
        <line num="36" count="1" type="stmt"/>
        <line num="38" count="15" type="stmt"/>
        <line num="41" count="2" type="stmt"/>
        <line num="42" count="2" type="stmt"/>
      </file>
      <file name="player.js" path="/Applications/XAMPP/xamppfiles/htdocs/2DAW/2DAW/DesarrolloWebEntornoCliente/testing/Actividad_Grupal/buggy_code/app/data/player.js">
        <metrics statements="45" coveredstatements="44" conditionals="12" coveredconditionals="11" methods="14" coveredmethods="14"/>
        <line num="1" count="2" type="stmt"/>
        <line num="2" count="2" type="stmt"/>
        <line num="3" count="2" type="stmt"/>
        <line num="4" count="2" type="stmt"/>
        <line num="5" count="2" type="stmt"/>
        <line num="6" count="2" type="stmt"/>
        <line num="17" count="40" type="stmt"/>
        <line num="28" count="40" type="stmt"/>
        <line num="29" count="40" type="stmt"/>
        <line num="30" count="40" type="stmt"/>
        <line num="31" count="40" type="stmt"/>
        <line num="32" count="40" type="stmt"/>
        <line num="33" count="40" type="stmt"/>
        <line num="34" count="40" type="stmt"/>
        <line num="36" count="40" type="stmt"/>
        <line num="37" count="40" type="stmt"/>
        <line num="38" count="40" type="stmt"/>
        <line num="39" count="40" type="stmt"/>
        <line num="40" count="214" type="cond" truecount="6" falsecount="0"/>
        <line num="41" count="120" type="stmt"/>
        <line num="42" count="214" type="cond" truecount="2" falsecount="0"/>
        <line num="43" count="40" type="stmt"/>
        <line num="45" count="174" type="stmt"/>
        <line num="47" count="40" type="stmt"/>
        <line num="48" count="40" type="stmt"/>
        <line num="49" count="40" type="stmt"/>
        <line num="50" count="40" type="stmt"/>
        <line num="51" count="40" type="stmt"/>
        <line num="52" count="40" type="stmt"/>
        <line num="53" count="40" type="stmt"/>
        <line num="63" count="1" type="stmt"/>
        <line num="71" count="2" type="stmt"/>
        <line num="79" count="2" type="stmt"/>
        <line num="87" count="2" type="stmt"/>
        <line num="95" count="2" type="stmt"/>
        <line num="103" count="2" type="stmt"/>
        <line num="111" count="2" type="stmt"/>
        <line num="119" count="2" type="stmt"/>
        <line num="127" count="2" type="stmt"/>
        <line num="135" count="3" type="stmt"/>
        <line num="143" count="2" type="stmt"/>
        <line num="152" count="1" type="cond" truecount="3" falsecount="1"/>
        <line num="153" count="1" type="stmt"/>
        <line num="155" count="0" type="stmt"/>
        <line num="159" count="2" type="stmt"/>
      </file>
    </metrics>
  </project>
</coverage>
