{"/Applications/XAMPP/xamppfiles/htdocs/2DAW/2DAW/DesarrolloWebEntornoCliente/testing/Actividad_Grupal/buggy_code/app/data/dataset_utils.js": {"path":"/Applications/XAMPP/xamppfiles/htdocs/2DAW/2DAW/DesarrolloWebEntornoCliente/testing/Actividad_Grupal/buggy_code/app/data/dataset_utils.js","statementMap":{"0":{"start":{"line":4,"column":16},"end":{"line":74,"column":1}},"1":{"start":{"line":83,"column":4},"end":{"line":90,"column":5}},"2":{"start":{"line":89,"column":8},"end":{"line":89,"column":20}},"3":{"start":{"line":91,"column":4},"end":{"line":91,"column":17}},"4":{"start":{"line":104,"column":4},"end":{"line":112,"column":5}},"5":{"start":{"line":111,"column":8},"end":{"line":111,"column":20}},"6":{"start":{"line":113,"column":4},"end":{"line":113,"column":17}},"7":{"start":{"line":122,"column":4},"end":{"line":136,"column":5}},"8":{"start":{"line":135,"column":8},"end":{"line":135,"column":20}},"9":{"start":{"line":137,"column":4},"end":{"line":137,"column":17}},"10":{"start":{"line":146,"column":4},"end":{"line":150,"column":5}},"11":{"start":{"line":147,"column":8},"end":{"line":147,"column":20}},"12":{"start":{"line":148,"column":11},"end":{"line":150,"column":5}},"13":{"start":{"line":149,"column":8},"end":{"line":149,"column":20}},"14":{"start":{"line":151,"column":4},"end":{"line":151,"column":17}},"15":{"start":{"line":154,"column":0},"end":{"line":154,"column":37}},"16":{"start":{"line":155,"column":0},"end":{"line":155,"column":36}},"17":{"start":{"line":156,"column":0},"end":{"line":156,"column":24}},"18":{"start":{"line":157,"column":0},"end":{"line":157,"column":30}},"19":{"start":{"line":158,"column":0},"end":{"line":158,"column":36}}},"fnMap":{"0":{"name":"isForward","decl":{"start":{"line":81,"column":9},"end":{"line":81,"column":18}},"loc":{"start":{"line":81,"column":38},"end":{"line":96,"column":1}},"line":81},"1":{"name":"isBack","decl":{"start":{"line":103,"column":9},"end":{"line":103,"column":15}},"loc":{"start":{"line":103,"column":36},"end":{"line":114,"column":1}},"line":103},"2":{"name":"isMidfielder","decl":{"start":{"line":121,"column":9},"end":{"line":121,"column":21}},"loc":{"start":{"line":121,"column":42},"end":{"line":138,"column":1}},"line":121},"3":{"name":"isGoalKeeper","decl":{"start":{"line":145,"column":9},"end":{"line":145,"column":21}},"loc":{"start":{"line":145,"column":42},"end":{"line":152,"column":1}},"line":145}},"branchMap":{"0":{"loc":{"start":{"line":83,"column":4},"end":{"line":90,"column":5}},"type":"if","locations":[{"start":{"line":83,"column":4},"end":{"line":90,"column":5}},{"start":{"line":83,"column":4},"end":{"line":90,"column":5}}],"line":83},"1":{"loc":{"start":{"line":83,"column":7},"end":{"line":88,"column":50}},"type":"binary-expr","locations":[{"start":{"line":83,"column":7},"end":{"line":83,"column":55}},{"start":{"line":84,"column":4},"end":{"line":84,"column":50}},{"start":{"line":85,"column":4},"end":{"line":85,"column":51}},{"start":{"line":86,"column":4},"end":{"line":86,"column":45}},{"start":{"line":87,"column":4},"end":{"line":87,"column":51}},{"start":{"line":88,"column":4},"end":{"line":88,"column":50}}],"line":83},"2":{"loc":{"start":{"line":104,"column":4},"end":{"line":112,"column":5}},"type":"if","locations":[{"start":{"line":104,"column":4},"end":{"line":112,"column":5}},{"start":{"line":104,"column":4},"end":{"line":112,"column":5}}],"line":104},"3":{"loc":{"start":{"line":104,"column":7},"end":{"line":110,"column":54}},"type":"binary-expr","locations":[{"start":{"line":104,"column":7},"end":{"line":104,"column":53}},{"start":{"line":105,"column":4},"end":{"line":105,"column":48}},{"start":{"line":106,"column":4},"end":{"line":106,"column":55}},{"start":{"line":107,"column":4},"end":{"line":107,"column":53}},{"start":{"line":108,"column":4},"end":{"line":108,"column":49}},{"start":{"line":109,"column":4},"end":{"line":109,"column":56}},{"start":{"line":110,"column":4},"end":{"line":110,"column":54}}],"line":104},"4":{"loc":{"start":{"line":122,"column":4},"end":{"line":136,"column":5}},"type":"if","locations":[{"start":{"line":122,"column":4},"end":{"line":136,"column":5}},{"start":{"line":122,"column":4},"end":{"line":136,"column":5}}],"line":122},"5":{"loc":{"start":{"line":122,"column":7},"end":{"line":134,"column":48}},"type":"binary-expr","locations":[{"start":{"line":122,"column":7},"end":{"line":122,"column":69}},{"start":{"line":123,"column":4},"end":{"line":123,"column":66}},{"start":{"line":124,"column":4},"end":{"line":124,"column":56}},{"start":{"line":125,"column":4},"end":{"line":125,"column":64}},{"start":{"line":126,"column":4},"end":{"line":126,"column":61}},{"start":{"line":127,"column":4},"end":{"line":127,"column":64}},{"start":{"line":128,"column":4},"end":{"line":128,"column":54}},{"start":{"line":129,"column":4},"end":{"line":129,"column":65}},{"start":{"line":130,"column":4},"end":{"line":130,"column":62}},{"start":{"line":131,"column":4},"end":{"line":131,"column":65}},{"start":{"line":132,"column":4},"end":{"line":132,"column":55}},{"start":{"line":133,"column":4},"end":{"line":133,"column":49}},{"start":{"line":134,"column":4},"end":{"line":134,"column":48}}],"line":122},"6":{"loc":{"start":{"line":146,"column":4},"end":{"line":150,"column":5}},"type":"if","locations":[{"start":{"line":146,"column":4},"end":{"line":150,"column":5}},{"start":{"line":146,"column":4},"end":{"line":150,"column":5}}],"line":146},"7":{"loc":{"start":{"line":148,"column":11},"end":{"line":150,"column":5}},"type":"if","locations":[{"start":{"line":148,"column":11},"end":{"line":150,"column":5}},{"start":{"line":148,"column":11},"end":{"line":150,"column":5}}],"line":148},"8":{"loc":{"start":{"line":148,"column":14},"end":{"line":148,"column":115}},"type":"binary-expr","locations":[{"start":{"line":148,"column":14},"end":{"line":148,"column":48}},{"start":{"line":148,"column":52},"end":{"line":148,"column":80}},{"start":{"line":148,"column":84},"end":{"line":148,"column":115}}],"line":148}},"s":{"0":1,"1":4,"2":2,"3":2,"4":4,"5":0,"6":4,"7":8,"8":8,"9":0,"10":4,"11":0,"12":4,"13":0,"14":4,"15":1,"16":1,"17":1,"18":1,"19":1},"f":{"0":4,"1":4,"2":8,"3":4},"b":{"0":[2,2],"1":[4,4,4,4,2,2],"2":[0,4],"3":[4,4,4,4,4,4,4],"4":[8,0],"5":[8,8,8,8,8,8,8,8,8,8,8,8,6],"6":[0,4],"7":[0,4],"8":[4,0,0]},"_coverageSchema":"332fd63041d2c1bcb487cc26dd0d5f7d97098a6c","hash":"1a25146a481f203b7a2397c26fceaeec9a1cbef3"}
,"/Applications/XAMPP/xamppfiles/htdocs/2DAW/2DAW/DesarrolloWebEntornoCliente/testing/Actividad_Grupal/buggy_code/app/data/json_reader.js": {"path":"/Applications/XAMPP/xamppfiles/htdocs/2DAW/2DAW/DesarrolloWebEntornoCliente/testing/Actividad_Grupal/buggy_code/app/data/json_reader.js","statementMap":{"0":{"start":{"line":1,"column":11},"end":{"line":1,"column":24}},"1":{"start":{"line":2,"column":22},"end":{"line":2,"column":65}},"2":{"start":{"line":3,"column":19},"end":{"line":3,"column":44}},"3":{"start":{"line":4,"column":16},"end":{"line":4,"column":42}},"4":{"start":{"line":12,"column":21},"end":{"line":12,"column":23}},"5":{"start":{"line":13,"column":4},"end":{"line":17,"column":5}},"6":{"start":{"line":14,"column":17},"end":{"line":14,"column":48}},"7":{"start":{"line":15,"column":24},"end":{"line":15,"column":63}},"8":{"start":{"line":16,"column":8},"end":{"line":16,"column":35}},"9":{"start":{"line":18,"column":4},"end":{"line":18,"column":22}},"10":{"start":{"line":28,"column":21},"end":{"line":28,"column":30}},"11":{"start":{"line":29,"column":4},"end":{"line":37,"column":5}},"12":{"start":{"line":30,"column":8},"end":{"line":30,"column":42}},"13":{"start":{"line":33,"column":8},"end":{"line":36,"column":53}},"14":{"start":{"line":34,"column":12},"end":{"line":34,"column":62}},"15":{"start":{"line":36,"column":13},"end":{"line":36,"column":53}},"16":{"start":{"line":38,"column":4},"end":{"line":38,"column":22}},"17":{"start":{"line":41,"column":0},"end":{"line":41,"column":36}},"18":{"start":{"line":42,"column":0},"end":{"line":42,"column":55}}},"fnMap":{"0":{"name":"extractDataFromRawJSON","decl":{"start":{"line":11,"column":9},"end":{"line":11,"column":31}},"loc":{"start":{"line":11,"column":43},"end":{"line":19,"column":1}},"line":11},"1":{"name":"readJSONData","decl":{"start":{"line":27,"column":9},"end":{"line":27,"column":21}},"loc":{"start":{"line":27,"column":31},"end":{"line":39,"column":1}},"line":27}},"branchMap":{"0":{"loc":{"start":{"line":33,"column":8},"end":{"line":36,"column":53}},"type":"if","locations":[{"start":{"line":33,"column":8},"end":{"line":36,"column":53}},{"start":{"line":33,"column":8},"end":{"line":36,"column":53}}],"line":33}},"s":{"0":1,"1":1,"2":1,"3":1,"4":1,"5":1,"6":3,"7":3,"8":3,"9":1,"10":2,"11":2,"12":2,"13":0,"14":0,"15":0,"16":2,"17":1,"18":1},"f":{"0":1,"1":2},"b":{"0":[0,0]},"_coverageSchema":"332fd63041d2c1bcb487cc26dd0d5f7d97098a6c","hash":"33c56e500471e86d21436ad17cb9ad16d6fc3de6"}
,"/Applications/XAMPP/xamppfiles/htdocs/2DAW/2DAW/DesarrolloWebEntornoCliente/testing/Actividad_Grupal/buggy_code/app/data/player.js": {"path":"/Applications/XAMPP/xamppfiles/htdocs/2DAW/2DAW/DesarrolloWebEntornoCliente/testing/Actividad_Grupal/buggy_code/app/data/player.js","statementMap":{"0":{"start":{"line":1,"column":22},"end":{"line":1,"column":48}},"1":{"start":{"line":2,"column":18},"end":{"line":2,"column":48}},"2":{"start":{"line":3,"column":21},"end":{"line":3,"column":47}},"3":{"start":{"line":4,"column":21},"end":{"line":4,"column":47}},"4":{"start":{"line":5,"column":18},"end":{"line":5,"column":41}},"5":{"start":{"line":6,"column":15},"end":{"line":6,"column":35}},"6":{"start":{"line":17,"column":8},"end":{"line":17,"column":27}},"7":{"start":{"line":28,"column":21},"end":{"line":28,"column":41}},"8":{"start":{"line":29,"column":8},"end":{"line":29,"column":52}},"9":{"start":{"line":30,"column":8},"end":{"line":30,"column":49}},"10":{"start":{"line":31,"column":8},"end":{"line":31,"column":55}},"11":{"start":{"line":32,"column":8},"end":{"line":32,"column":47}},"12":{"start":{"line":33,"column":8},"end":{"line":33,"column":49}},"13":{"start":{"line":34,"column":8},"end":{"line":34,"column":63}},"14":{"start":{"line":36,"column":22},"end":{"line":36,"column":56}},"15":{"start":{"line":37,"column":18},"end":{"line":37,"column":20}},"16":{"start":{"line":38,"column":19},"end":{"line":38,"column":21}},"17":{"start":{"line":39,"column":8},"end":{"line":46,"column":9}},"18":{"start":{"line":40,"column":12},"end":{"line":41,"column":34}},"19":{"start":{"line":41,"column":16},"end":{"line":41,"column":34}},"20":{"start":{"line":42,"column":12},"end":{"line":45,"column":29}},"21":{"start":{"line":43,"column":16},"end":{"line":43,"column":31}},"22":{"start":{"line":45,"column":16},"end":{"line":45,"column":29}},"23":{"start":{"line":47,"column":8},"end":{"line":47,"column":44}},"24":{"start":{"line":48,"column":33},"end":{"line":48,"column":94}},"25":{"start":{"line":49,"column":8},"end":{"line":49,"column":64}},"26":{"start":{"line":50,"column":8},"end":{"line":50,"column":52}},"27":{"start":{"line":51,"column":8},"end":{"line":51,"column":58}},"28":{"start":{"line":52,"column":8},"end":{"line":52,"column":64}},"29":{"start":{"line":53,"column":8},"end":{"line":53,"column":22}},"30":{"start":{"line":63,"column":8},"end":{"line":63,"column":34}},"31":{"start":{"line":71,"column":8},"end":{"line":71,"column":31}},"32":{"start":{"line":79,"column":8},"end":{"line":79,"column":28}},"33":{"start":{"line":87,"column":8},"end":{"line":87,"column":34}},"34":{"start":{"line":95,"column":8},"end":{"line":95,"column":26}},"35":{"start":{"line":103,"column":8},"end":{"line":103,"column":28}},"36":{"start":{"line":111,"column":8},"end":{"line":111,"column":25}},"37":{"start":{"line":119,"column":8},"end":{"line":119,"column":24}},"38":{"start":{"line":127,"column":8},"end":{"line":127,"column":25}},"39":{"start":{"line":135,"column":8},"end":{"line":135,"column":23}},"40":{"start":{"line":143,"column":8},"end":{"line":143,"column":28}},"41":{"start":{"line":152,"column":8},"end":{"line":154,"column":9}},"42":{"start":{"line":153,"column":12},"end":{"line":153,"column":24}},"43":{"start":{"line":155,"column":8},"end":{"line":155,"column":21}},"44":{"start":{"line":159,"column":0},"end":{"line":159,"column":24}}},"fnMap":{"0":{"name":"(anonymous_0)","decl":{"start":{"line":16,"column":4},"end":{"line":16,"column":5}},"loc":{"start":{"line":16,"column":26},"end":{"line":18,"column":5}},"line":16},"1":{"name":"(anonymous_1)","decl":{"start":{"line":26,"column":4},"end":{"line":26,"column":5}},"loc":{"start":{"line":26,"column":55},"end":{"line":54,"column":5}},"line":26},"2":{"name":"(anonymous_2)","decl":{"start":{"line":62,"column":4},"end":{"line":62,"column":5}},"loc":{"start":{"line":62,"column":19},"end":{"line":64,"column":5}},"line":62},"3":{"name":"(anonymous_3)","decl":{"start":{"line":70,"column":4},"end":{"line":70,"column":5}},"loc":{"start":{"line":70,"column":16},"end":{"line":72,"column":5}},"line":70},"4":{"name":"(anonymous_4)","decl":{"start":{"line":78,"column":4},"end":{"line":78,"column":5}},"loc":{"start":{"line":78,"column":13},"end":{"line":80,"column":5}},"line":78},"5":{"name":"(anonymous_5)","decl":{"start":{"line":86,"column":4},"end":{"line":86,"column":5}},"loc":{"start":{"line":86,"column":19},"end":{"line":88,"column":5}},"line":86},"6":{"name":"(anonymous_6)","decl":{"start":{"line":94,"column":4},"end":{"line":94,"column":5}},"loc":{"start":{"line":94,"column":15},"end":{"line":96,"column":5}},"line":94},"7":{"name":"(anonymous_7)","decl":{"start":{"line":102,"column":4},"end":{"line":102,"column":5}},"loc":{"start":{"line":102,"column":21},"end":{"line":104,"column":5}},"line":102},"8":{"name":"(anonymous_8)","decl":{"start":{"line":110,"column":4},"end":{"line":110,"column":5}},"loc":{"start":{"line":110,"column":14},"end":{"line":112,"column":5}},"line":110},"9":{"name":"(anonymous_9)","decl":{"start":{"line":118,"column":4},"end":{"line":118,"column":5}},"loc":{"start":{"line":118,"column":13},"end":{"line":120,"column":5}},"line":118},"10":{"name":"(anonymous_10)","decl":{"start":{"line":126,"column":4},"end":{"line":126,"column":5}},"loc":{"start":{"line":126,"column":14},"end":{"line":128,"column":5}},"line":126},"11":{"name":"(anonymous_11)","decl":{"start":{"line":134,"column":4},"end":{"line":134,"column":5}},"loc":{"start":{"line":134,"column":12},"end":{"line":136,"column":5}},"line":134},"12":{"name":"(anonymous_12)","decl":{"start":{"line":142,"column":4},"end":{"line":142,"column":5}},"loc":{"start":{"line":142,"column":17},"end":{"line":144,"column":5}},"line":142},"13":{"name":"(anonymous_13)","decl":{"start":{"line":151,"column":4},"end":{"line":151,"column":5}},"loc":{"start":{"line":151,"column":16},"end":{"line":156,"column":5}},"line":151}},"branchMap":{"0":{"loc":{"start":{"line":40,"column":12},"end":{"line":41,"column":34}},"type":"if","locations":[{"start":{"line":40,"column":12},"end":{"line":41,"column":34}},{"start":{"line":40,"column":12},"end":{"line":41,"column":34}}],"line":40},"1":{"loc":{"start":{"line":40,"column":16},"end":{"line":40,"column":100}},"type":"binary-expr","locations":[{"start":{"line":40,"column":16},"end":{"line":40,"column":34}},{"start":{"line":40,"column":38},"end":{"line":40,"column":56}},{"start":{"line":40,"column":60},"end":{"line":40,"column":78}},{"start":{"line":40,"column":82},"end":{"line":40,"column":100}}],"line":40},"2":{"loc":{"start":{"line":42,"column":12},"end":{"line":45,"column":29}},"type":"if","locations":[{"start":{"line":42,"column":12},"end":{"line":45,"column":29}},{"start":{"line":42,"column":12},"end":{"line":45,"column":29}}],"line":42},"3":{"loc":{"start":{"line":152,"column":8},"end":{"line":154,"column":9}},"type":"if","locations":[{"start":{"line":152,"column":8},"end":{"line":154,"column":9}},{"start":{"line":152,"column":8},"end":{"line":154,"column":9}}],"line":152},"4":{"loc":{"start":{"line":152,"column":12},"end":{"line":152,"column":72}},"type":"binary-expr","locations":[{"start":{"line":152,"column":12},"end":{"line":152,"column":41}},{"start":{"line":152,"column":45},"end":{"line":152,"column":72}}],"line":152}},"s":{"0":1,"1":1,"2":1,"3":1,"4":1,"5":1,"6":4,"7":4,"8":4,"9":4,"10":4,"11":4,"12":4,"13":4,"14":4,"15":4,"16":4,"17":4,"18":22,"19":12,"20":22,"21":4,"22":18,"23":4,"24":4,"25":4,"26":4,"27":4,"28":4,"29":4,"30":0,"31":0,"32":0,"33":0,"34":4,"35":0,"36":0,"37":0,"38":0,"39":8,"40":0,"41":4,"42":1,"43":3,"44":1},"f":{"0":4,"1":4,"2":0,"3":0,"4":0,"5":0,"6":4,"7":0,"8":0,"9":0,"10":0,"11":8,"12":0,"13":4},"b":{"0":[12,10],"1":[22,18,14,14],"2":[4,18],"3":[1,3],"4":[4,4]},"_coverageSchema":"332fd63041d2c1bcb487cc26dd0d5f7d97098a6c","hash":"39ce1a2cde617d1bcbf532a7f432c01a8ff51758"}
,"/Applications/XAMPP/xamppfiles/htdocs/2DAW/2DAW/DesarrolloWebEntornoCliente/testing/Actividad_Grupal/buggy_code/app/data/team.js": {"path":"/Applications/XAMPP/xamppfiles/htdocs/2DAW/2DAW/DesarrolloWebEntornoCliente/testing/Actividad_Grupal/buggy_code/app/data/team.js","statementMap":{"0":{"start":{"line":11,"column":8},"end":{"line":11,"column":33}},"1":{"start":{"line":12,"column":8},"end":{"line":12,"column":39}},"2":{"start":{"line":13,"column":8},"end":{"line":13,"column":27}},"3":{"start":{"line":21,"column":8},"end":{"line":21,"column":29}},"4":{"start":{"line":29,"column":8},"end":{"line":29,"column":30}},"5":{"start":{"line":37,"column":8},"end":{"line":37,"column":40}},"6":{"start":{"line":47,"column":8},"end":{"line":51,"column":9}},"7":{"start":{"line":48,"column":12},"end":{"line":50,"column":13}},"8":{"start":{"line":49,"column":16},"end":{"line":49,"column":28}},"9":{"start":{"line":52,"column":8},"end":{"line":52,"column":21}},"10":{"start":{"line":60,"column":8},"end":{"line":60,"column":39}},"11":{"start":{"line":69,"column":8},"end":{"line":73,"column":9}},"12":{"start":{"line":70,"column":12},"end":{"line":70,"column":42}},"13":{"start":{"line":71,"column":12},"end":{"line":71,"column":48}},"14":{"start":{"line":72,"column":12},"end":{"line":72,"column":24}},"15":{"start":{"line":74,"column":8},"end":{"line":74,"column":21}},"16":{"start":{"line":82,"column":8},"end":{"line":84,"column":9}},"17":{"start":{"line":83,"column":12},"end":{"line":83,"column":35}},"18":{"start":{"line":92,"column":22},"end":{"line":92,"column":23}},"19":{"start":{"line":93,"column":8},"end":{"line":95,"column":11}},"20":{"start":{"line":94,"column":12},"end":{"line":94,"column":39}},"21":{"start":{"line":96,"column":8},"end":{"line":96,"column":49}},"22":{"start":{"line":104,"column":31},"end":{"line":104,"column":94}},"23":{"start":{"line":105,"column":26},"end":{"line":105,"column":77}},"24":{"start":{"line":106,"column":8},"end":{"line":106,"column":45}},"25":{"start":{"line":118,"column":33},"end":{"line":118,"column":50}},"26":{"start":{"line":120,"column":8},"end":{"line":123,"column":9}},"27":{"start":{"line":121,"column":12},"end":{"line":122,"column":57}},"28":{"start":{"line":125,"column":8},"end":{"line":125,"column":76}},"29":{"start":{"line":125,"column":60},"end":{"line":125,"column":74}},"30":{"start":{"line":128,"column":8},"end":{"line":132,"column":9}},"31":{"start":{"line":129,"column":12},"end":{"line":131,"column":13}},"32":{"start":{"line":130,"column":16},"end":{"line":130,"column":78}},"33":{"start":{"line":139,"column":8},"end":{"line":139,"column":34}},"34":{"start":{"line":150,"column":8},"end":{"line":152,"column":9}},"35":{"start":{"line":151,"column":12},"end":{"line":151,"column":63}},"36":{"start":{"line":153,"column":30},"end":{"line":153,"column":41}},"37":{"start":{"line":154,"column":30},"end":{"line":154,"column":49}},"38":{"start":{"line":156,"column":8},"end":{"line":160,"column":9}},"39":{"start":{"line":157,"column":30},"end":{"line":157,"column":80}},"40":{"start":{"line":158,"column":25},"end":{"line":158,"column":53}},"41":{"start":{"line":159,"column":12},"end":{"line":159,"column":41}},"42":{"start":{"line":161,"column":8},"end":{"line":161,"column":31}},"43":{"start":{"line":175,"column":33},"end":{"line":175,"column":58}},"44":{"start":{"line":176,"column":28},"end":{"line":176,"column":59}},"45":{"start":{"line":177,"column":32},"end":{"line":177,"column":63}},"46":{"start":{"line":178,"column":31},"end":{"line":178,"column":62}},"47":{"start":{"line":179,"column":33},"end":{"line":179,"column":89}},"48":{"start":{"line":180,"column":8},"end":{"line":182,"column":9}},"49":{"start":{"line":181,"column":12},"end":{"line":181,"column":65}},"50":{"start":{"line":183,"column":8},"end":{"line":185,"column":9}},"51":{"start":{"line":184,"column":12},"end":{"line":184,"column":61}},"52":{"start":{"line":186,"column":8},"end":{"line":188,"column":9}},"53":{"start":{"line":187,"column":12},"end":{"line":187,"column":63}},"54":{"start":{"line":189,"column":8},"end":{"line":191,"column":9}},"55":{"start":{"line":190,"column":12},"end":{"line":190,"column":65}},"56":{"start":{"line":195,"column":8},"end":{"line":220,"column":9}},"57":{"start":{"line":196,"column":26},"end":{"line":196,"column":44}},"58":{"start":{"line":198,"column":35},"end":{"line":198,"column":44}},"59":{"start":{"line":200,"column":12},"end":{"line":217,"column":13}},"60":{"start":{"line":201,"column":27},"end":{"line":201,"column":48}},"61":{"start":{"line":202,"column":27},"end":{"line":202,"column":42}},"62":{"start":{"line":203,"column":27},"end":{"line":203,"column":48}},"63":{"start":{"line":204,"column":27},"end":{"line":204,"column":45}},"64":{"start":{"line":206,"column":40},"end":{"line":206,"column":65}},"65":{"start":{"line":208,"column":46},"end":{"line":208,"column":71}},"66":{"start":{"line":210,"column":34},"end":{"line":210,"column":79}},"67":{"start":{"line":212,"column":38},"end":{"line":212,"column":98}},"68":{"start":{"line":214,"column":16},"end":{"line":214,"column":88}},"69":{"start":{"line":214,"column":50},"end":{"line":214,"column":86}},"70":{"start":{"line":216,"column":16},"end":{"line":216,"column":52}},"71":{"start":{"line":226,"column":0},"end":{"line":226,"column":20}}},"fnMap":{"0":{"name":"(anonymous_0)","decl":{"start":{"line":10,"column":4},"end":{"line":10,"column":5}},"loc":{"start":{"line":10,"column":26},"end":{"line":14,"column":5}},"line":10},"1":{"name":"(anonymous_1)","decl":{"start":{"line":20,"column":4},"end":{"line":20,"column":5}},"loc":{"start":{"line":20,"column":18},"end":{"line":22,"column":5}},"line":20},"2":{"name":"(anonymous_2)","decl":{"start":{"line":28,"column":4},"end":{"line":28,"column":5}},"loc":{"start":{"line":28,"column":19},"end":{"line":30,"column":5}},"line":28},"3":{"name":"(anonymous_3)","decl":{"start":{"line":36,"column":4},"end":{"line":36,"column":5}},"loc":{"start":{"line":36,"column":17},"end":{"line":38,"column":5}},"line":36},"4":{"name":"(anonymous_4)","decl":{"start":{"line":45,"column":4},"end":{"line":45,"column":5}},"loc":{"start":{"line":45,"column":22},"end":{"line":53,"column":5}},"line":45},"5":{"name":"(anonymous_5)","decl":{"start":{"line":59,"column":4},"end":{"line":59,"column":5}},"loc":{"start":{"line":59,"column":23},"end":{"line":61,"column":5}},"line":59},"6":{"name":"(anonymous_6)","decl":{"start":{"line":68,"column":4},"end":{"line":68,"column":5}},"loc":{"start":{"line":68,"column":22},"end":{"line":75,"column":5}},"line":68},"7":{"name":"(anonymous_7)","decl":{"start":{"line":81,"column":4},"end":{"line":81,"column":5}},"loc":{"start":{"line":81,"column":28},"end":{"line":85,"column":5}},"line":81},"8":{"name":"(anonymous_8)","decl":{"start":{"line":91,"column":4},"end":{"line":91,"column":5}},"loc":{"start":{"line":91,"column":28},"end":{"line":97,"column":5}},"line":91},"9":{"name":"(anonymous_9)","decl":{"start":{"line":93,"column":33},"end":{"line":93,"column":34}},"loc":{"start":{"line":93,"column":44},"end":{"line":95,"column":9}},"line":93},"10":{"name":"(anonymous_10)","decl":{"start":{"line":103,"column":4},"end":{"line":103,"column":5}},"loc":{"start":{"line":103,"column":33},"end":{"line":107,"column":5}},"line":103},"11":{"name":"(anonymous_11)","decl":{"start":{"line":116,"column":4},"end":{"line":116,"column":5}},"loc":{"start":{"line":116,"column":32},"end":{"line":140,"column":5}},"line":116},"12":{"name":"(anonymous_12)","decl":{"start":{"line":125,"column":52},"end":{"line":125,"column":53}},"loc":{"start":{"line":125,"column":60},"end":{"line":125,"column":74}},"line":125},"13":{"name":"(anonymous_13)","decl":{"start":{"line":149,"column":4},"end":{"line":149,"column":5}},"loc":{"start":{"line":149,"column":57},"end":{"line":162,"column":5}},"line":149},"14":{"name":"(anonymous_14)","decl":{"start":{"line":173,"column":4},"end":{"line":173,"column":5}},"loc":{"start":{"line":173,"column":78},"end":{"line":222,"column":5}},"line":173},"15":{"name":"(anonymous_15)","decl":{"start":{"line":201,"column":17},"end":{"line":201,"column":18}},"loc":{"start":{"line":201,"column":27},"end":{"line":201,"column":48}},"line":201},"16":{"name":"(anonymous_16)","decl":{"start":{"line":202,"column":17},"end":{"line":202,"column":18}},"loc":{"start":{"line":202,"column":27},"end":{"line":202,"column":42}},"line":202},"17":{"name":"(anonymous_17)","decl":{"start":{"line":203,"column":17},"end":{"line":203,"column":18}},"loc":{"start":{"line":203,"column":27},"end":{"line":203,"column":48}},"line":203},"18":{"name":"(anonymous_18)","decl":{"start":{"line":204,"column":17},"end":{"line":204,"column":18}},"loc":{"start":{"line":204,"column":27},"end":{"line":204,"column":45}},"line":204},"19":{"name":"(anonymous_19)","decl":{"start":{"line":214,"column":40},"end":{"line":214,"column":41}},"loc":{"start":{"line":214,"column":50},"end":{"line":214,"column":86}},"line":214}},"branchMap":{"0":{"loc":{"start":{"line":48,"column":12},"end":{"line":50,"column":13}},"type":"if","locations":[{"start":{"line":48,"column":12},"end":{"line":50,"column":13}},{"start":{"line":48,"column":12},"end":{"line":50,"column":13}}],"line":48},"1":{"loc":{"start":{"line":69,"column":8},"end":{"line":73,"column":9}},"type":"if","locations":[{"start":{"line":69,"column":8},"end":{"line":73,"column":9}},{"start":{"line":69,"column":8},"end":{"line":73,"column":9}}],"line":69},"2":{"loc":{"start":{"line":120,"column":8},"end":{"line":123,"column":9}},"type":"if","locations":[{"start":{"line":120,"column":8},"end":{"line":123,"column":9}},{"start":{"line":120,"column":8},"end":{"line":123,"column":9}}],"line":120},"3":{"loc":{"start":{"line":129,"column":12},"end":{"line":131,"column":13}},"type":"if","locations":[{"start":{"line":129,"column":12},"end":{"line":131,"column":13}},{"start":{"line":129,"column":12},"end":{"line":131,"column":13}}],"line":129},"4":{"loc":{"start":{"line":150,"column":8},"end":{"line":152,"column":9}},"type":"if","locations":[{"start":{"line":150,"column":8},"end":{"line":152,"column":9}},{"start":{"line":150,"column":8},"end":{"line":152,"column":9}}],"line":150},"5":{"loc":{"start":{"line":180,"column":8},"end":{"line":182,"column":9}},"type":"if","locations":[{"start":{"line":180,"column":8},"end":{"line":182,"column":9}},{"start":{"line":180,"column":8},"end":{"line":182,"column":9}}],"line":180},"6":{"loc":{"start":{"line":183,"column":8},"end":{"line":185,"column":9}},"type":"if","locations":[{"start":{"line":183,"column":8},"end":{"line":185,"column":9}},{"start":{"line":183,"column":8},"end":{"line":185,"column":9}}],"line":183},"7":{"loc":{"start":{"line":186,"column":8},"end":{"line":188,"column":9}},"type":"if","locations":[{"start":{"line":186,"column":8},"end":{"line":188,"column":9}},{"start":{"line":186,"column":8},"end":{"line":188,"column":9}}],"line":186},"8":{"loc":{"start":{"line":189,"column":8},"end":{"line":191,"column":9}},"type":"if","locations":[{"start":{"line":189,"column":8},"end":{"line":191,"column":9}},{"start":{"line":189,"column":8},"end":{"line":191,"column":9}}],"line":189}},"s":{"0":3,"1":3,"2":3,"3":1,"4":2,"5":2,"6":5,"7":4,"8":1,"9":4,"10":1,"11":4,"12":4,"13":4,"14":4,"15":0,"16":1,"17":3,"18":1,"19":1,"20":3,"21":1,"22":1,"23":1,"24":1,"25":1,"26":1,"27":0,"28":1,"29":3,"30":1,"31":3,"32":0,"33":1,"34":0,"35":0,"36":0,"37":0,"38":0,"39":0,"40":0,"41":0,"42":0,"43":0,"44":0,"45":0,"46":0,"47":0,"48":0,"49":0,"50":0,"51":0,"52":0,"53":0,"54":0,"55":0,"56":0,"57":0,"58":0,"59":0,"60":0,"61":0,"62":0,"63":0,"64":0,"65":0,"66":0,"67":0,"68":0,"69":0,"70":0,"71":1},"f":{"0":3,"1":1,"2":2,"3":2,"4":5,"5":1,"6":4,"7":1,"8":1,"9":3,"10":1,"11":1,"12":3,"13":0,"14":0,"15":0,"16":0,"17":0,"18":0,"19":0},"b":{"0":[1,3],"1":[4,0],"2":[0,1],"3":[0,3],"4":[0,0],"5":[0,0],"6":[0,0],"7":[0,0],"8":[0,0]},"_coverageSchema":"332fd63041d2c1bcb487cc26dd0d5f7d97098a6c","hash":"a4126f02120dbdd9ab7d231a7ba05f436a33d661"}
}
