{"/Applications/XAMPP/xamppfiles/htdocs/2DAW/2DAW/DesarrolloWebEntornoCliente/testing/Actividad_Grupal/buggy_code/app/data/dataset_utils.js": {"path":"/Applications/XAMPP/xamppfiles/htdocs/2DAW/2DAW/DesarrolloWebEntornoCliente/testing/Actividad_Grupal/buggy_code/app/data/dataset_utils.js","statementMap":{"0":{"start":{"line":4,"column":16},"end":{"line":74,"column":1}},"1":{"start":{"line":83,"column":4},"end":{"line":90,"column":5}},"2":{"start":{"line":89,"column":8},"end":{"line":89,"column":20}},"3":{"start":{"line":91,"column":4},"end":{"line":91,"column":17}},"4":{"start":{"line":104,"column":4},"end":{"line":112,"column":5}},"5":{"start":{"line":111,"column":8},"end":{"line":111,"column":20}},"6":{"start":{"line":113,"column":4},"end":{"line":113,"column":17}},"7":{"start":{"line":122,"column":4},"end":{"line":136,"column":5}},"8":{"start":{"line":135,"column":8},"end":{"line":135,"column":20}},"9":{"start":{"line":137,"column":4},"end":{"line":137,"column":17}},"10":{"start":{"line":146,"column":4},"end":{"line":150,"column":5}},"11":{"start":{"line":147,"column":8},"end":{"line":147,"column":20}},"12":{"start":{"line":148,"column":11},"end":{"line":150,"column":5}},"13":{"start":{"line":149,"column":8},"end":{"line":149,"column":20}},"14":{"start":{"line":151,"column":4},"end":{"line":151,"column":17}},"15":{"start":{"line":154,"column":0},"end":{"line":154,"column":37}},"16":{"start":{"line":155,"column":0},"end":{"line":155,"column":36}},"17":{"start":{"line":156,"column":0},"end":{"line":156,"column":24}},"18":{"start":{"line":157,"column":0},"end":{"line":157,"column":30}},"19":{"start":{"line":158,"column":0},"end":{"line":158,"column":36}}},"fnMap":{"0":{"name":"isForward","decl":{"start":{"line":81,"column":9},"end":{"line":81,"column":18}},"loc":{"start":{"line":81,"column":38},"end":{"line":96,"column":1}},"line":81},"1":{"name":"isBack","decl":{"start":{"line":103,"column":9},"end":{"line":103,"column":15}},"loc":{"start":{"line":103,"column":36},"end":{"line":114,"column":1}},"line":103},"2":{"name":"isMidfielder","decl":{"start":{"line":121,"column":9},"end":{"line":121,"column":21}},"loc":{"start":{"line":121,"column":42},"end":{"line":138,"column":1}},"line":121},"3":{"name":"isGoalKeeper","decl":{"start":{"line":145,"column":9},"end":{"line":145,"column":21}},"loc":{"start":{"line":145,"column":42},"end":{"line":152,"column":1}},"line":145}},"branchMap":{"0":{"loc":{"start":{"line":83,"column":4},"end":{"line":90,"column":5}},"type":"if","locations":[{"start":{"line":83,"column":4},"end":{"line":90,"column":5}},{"start":{"line":83,"column":4},"end":{"line":90,"column":5}}],"line":83},"1":{"loc":{"start":{"line":83,"column":7},"end":{"line":88,"column":50}},"type":"binary-expr","locations":[{"start":{"line":83,"column":7},"end":{"line":83,"column":55}},{"start":{"line":84,"column":4},"end":{"line":84,"column":50}},{"start":{"line":85,"column":4},"end":{"line":85,"column":51}},{"start":{"line":86,"column":4},"end":{"line":86,"column":45}},{"start":{"line":87,"column":4},"end":{"line":87,"column":51}},{"start":{"line":88,"column":4},"end":{"line":88,"column":50}}],"line":83},"2":{"loc":{"start":{"line":104,"column":4},"end":{"line":112,"column":5}},"type":"if","locations":[{"start":{"line":104,"column":4},"end":{"line":112,"column":5}},{"start":{"line":104,"column":4},"end":{"line":112,"column":5}}],"line":104},"3":{"loc":{"start":{"line":104,"column":7},"end":{"line":110,"column":54}},"type":"binary-expr","locations":[{"start":{"line":104,"column":7},"end":{"line":104,"column":53}},{"start":{"line":105,"column":4},"end":{"line":105,"column":48}},{"start":{"line":106,"column":4},"end":{"line":106,"column":55}},{"start":{"line":107,"column":4},"end":{"line":107,"column":53}},{"start":{"line":108,"column":4},"end":{"line":108,"column":49}},{"start":{"line":109,"column":4},"end":{"line":109,"column":56}},{"start":{"line":110,"column":4},"end":{"line":110,"column":54}}],"line":104},"4":{"loc":{"start":{"line":122,"column":4},"end":{"line":136,"column":5}},"type":"if","locations":[{"start":{"line":122,"column":4},"end":{"line":136,"column":5}},{"start":{"line":122,"column":4},"end":{"line":136,"column":5}}],"line":122},"5":{"loc":{"start":{"line":122,"column":7},"end":{"line":134,"column":48}},"type":"binary-expr","locations":[{"start":{"line":122,"column":7},"end":{"line":122,"column":69}},{"start":{"line":123,"column":4},"end":{"line":123,"column":66}},{"start":{"line":124,"column":4},"end":{"line":124,"column":56}},{"start":{"line":125,"column":4},"end":{"line":125,"column":64}},{"start":{"line":126,"column":4},"end":{"line":126,"column":61}},{"start":{"line":127,"column":4},"end":{"line":127,"column":64}},{"start":{"line":128,"column":4},"end":{"line":128,"column":54}},{"start":{"line":129,"column":4},"end":{"line":129,"column":65}},{"start":{"line":130,"column":4},"end":{"line":130,"column":62}},{"start":{"line":131,"column":4},"end":{"line":131,"column":65}},{"start":{"line":132,"column":4},"end":{"line":132,"column":55}},{"start":{"line":133,"column":4},"end":{"line":133,"column":49}},{"start":{"line":134,"column":4},"end":{"line":134,"column":48}}],"line":122},"6":{"loc":{"start":{"line":146,"column":4},"end":{"line":150,"column":5}},"type":"if","locations":[{"start":{"line":146,"column":4},"end":{"line":150,"column":5}},{"start":{"line":146,"column":4},"end":{"line":150,"column":5}}],"line":146},"7":{"loc":{"start":{"line":148,"column":11},"end":{"line":150,"column":5}},"type":"if","locations":[{"start":{"line":148,"column":11},"end":{"line":150,"column":5}},{"start":{"line":148,"column":11},"end":{"line":150,"column":5}}],"line":148},"8":{"loc":{"start":{"line":148,"column":14},"end":{"line":148,"column":115}},"type":"binary-expr","locations":[{"start":{"line":148,"column":14},"end":{"line":148,"column":48}},{"start":{"line":148,"column":52},"end":{"line":148,"column":80}},{"start":{"line":148,"column":84},"end":{"line":148,"column":115}}],"line":148}},"s":{"0":2,"1":39,"2":13,"3":26,"4":39,"5":0,"6":39,"7":78,"8":78,"9":0,"10":39,"11":0,"12":39,"13":0,"14":39,"15":2,"16":2,"17":2,"18":2,"19":2},"f":{"0":39,"1":39,"2":78,"3":39},"b":{"0":[13,26],"1":[39,39,39,39,26,26],"2":[0,39],"3":[39,39,39,39,39,39,39],"4":[78,0],"5":[78,78,78,78,78,78,78,78,78,78,78,78,52],"6":[0,39],"7":[0,39],"8":[39,0,0]},"_coverageSchema":"332fd63041d2c1bcb487cc26dd0d5f7d97098a6c","hash":"1a25146a481f203b7a2397c26fceaeec9a1cbef3"}
,"/Applications/XAMPP/xamppfiles/htdocs/2DAW/2DAW/DesarrolloWebEntornoCliente/testing/Actividad_Grupal/buggy_code/app/data/json_reader.js": {"path":"/Applications/XAMPP/xamppfiles/htdocs/2DAW/2DAW/DesarrolloWebEntornoCliente/testing/Actividad_Grupal/buggy_code/app/data/json_reader.js","statementMap":{"0":{"start":{"line":1,"column":11},"end":{"line":1,"column":24}},"1":{"start":{"line":2,"column":22},"end":{"line":2,"column":65}},"2":{"start":{"line":3,"column":19},"end":{"line":3,"column":44}},"3":{"start":{"line":4,"column":16},"end":{"line":4,"column":42}},"4":{"start":{"line":12,"column":21},"end":{"line":12,"column":23}},"5":{"start":{"line":13,"column":4},"end":{"line":17,"column":5}},"6":{"start":{"line":14,"column":17},"end":{"line":14,"column":48}},"7":{"start":{"line":15,"column":24},"end":{"line":15,"column":63}},"8":{"start":{"line":16,"column":8},"end":{"line":16,"column":35}},"9":{"start":{"line":18,"column":4},"end":{"line":18,"column":22}},"10":{"start":{"line":28,"column":21},"end":{"line":28,"column":30}},"11":{"start":{"line":29,"column":4},"end":{"line":37,"column":5}},"12":{"start":{"line":30,"column":8},"end":{"line":30,"column":42}},"13":{"start":{"line":33,"column":8},"end":{"line":36,"column":53}},"14":{"start":{"line":34,"column":12},"end":{"line":34,"column":62}},"15":{"start":{"line":36,"column":13},"end":{"line":36,"column":53}},"16":{"start":{"line":38,"column":4},"end":{"line":38,"column":22}},"17":{"start":{"line":41,"column":0},"end":{"line":41,"column":36}},"18":{"start":{"line":42,"column":0},"end":{"line":42,"column":55}}},"fnMap":{"0":{"name":"extractDataFromRawJSON","decl":{"start":{"line":11,"column":9},"end":{"line":11,"column":31}},"loc":{"start":{"line":11,"column":43},"end":{"line":19,"column":1}},"line":11},"1":{"name":"readJSONData","decl":{"start":{"line":27,"column":9},"end":{"line":27,"column":21}},"loc":{"start":{"line":27,"column":31},"end":{"line":39,"column":1}},"line":27}},"branchMap":{"0":{"loc":{"start":{"line":33,"column":8},"end":{"line":36,"column":53}},"type":"if","locations":[{"start":{"line":33,"column":8},"end":{"line":36,"column":53}},{"start":{"line":33,"column":8},"end":{"line":36,"column":53}}],"line":33}},"s":{"0":2,"1":2,"2":2,"3":2,"4":13,"5":13,"6":39,"7":39,"8":39,"9":13,"10":16,"11":16,"12":16,"13":2,"14":1,"15":1,"16":14,"17":2,"18":2},"f":{"0":13,"1":16},"b":{"0":[1,1]},"_coverageSchema":"332fd63041d2c1bcb487cc26dd0d5f7d97098a6c","hash":"33c56e500471e86d21436ad17cb9ad16d6fc3de6"}
,"/Applications/XAMPP/xamppfiles/htdocs/2DAW/2DAW/DesarrolloWebEntornoCliente/testing/Actividad_Grupal/buggy_code/app/data/player.js": {"path":"/Applications/XAMPP/xamppfiles/htdocs/2DAW/2DAW/DesarrolloWebEntornoCliente/testing/Actividad_Grupal/buggy_code/app/data/player.js","statementMap":{"0":{"start":{"line":1,"column":22},"end":{"line":1,"column":48}},"1":{"start":{"line":2,"column":18},"end":{"line":2,"column":48}},"2":{"start":{"line":3,"column":21},"end":{"line":3,"column":47}},"3":{"start":{"line":4,"column":21},"end":{"line":4,"column":47}},"4":{"start":{"line":5,"column":18},"end":{"line":5,"column":41}},"5":{"start":{"line":6,"column":15},"end":{"line":6,"column":35}},"6":{"start":{"line":17,"column":8},"end":{"line":17,"column":27}},"7":{"start":{"line":27,"column":21},"end":{"line":27,"column":41}},"8":{"start":{"line":28,"column":8},"end":{"line":28,"column":52}},"9":{"start":{"line":29,"column":8},"end":{"line":29,"column":49}},"10":{"start":{"line":30,"column":8},"end":{"line":30,"column":55}},"11":{"start":{"line":31,"column":8},"end":{"line":31,"column":47}},"12":{"start":{"line":32,"column":8},"end":{"line":32,"column":49}},"13":{"start":{"line":33,"column":8},"end":{"line":33,"column":63}},"14":{"start":{"line":35,"column":22},"end":{"line":35,"column":66}},"15":{"start":{"line":36,"column":18},"end":{"line":36,"column":20}},"16":{"start":{"line":37,"column":19},"end":{"line":37,"column":21}},"17":{"start":{"line":38,"column":8},"end":{"line":45,"column":9}},"18":{"start":{"line":39,"column":12},"end":{"line":40,"column":34}},"19":{"start":{"line":40,"column":16},"end":{"line":40,"column":34}},"20":{"start":{"line":41,"column":12},"end":{"line":44,"column":29}},"21":{"start":{"line":42,"column":16},"end":{"line":42,"column":31}},"22":{"start":{"line":44,"column":16},"end":{"line":44,"column":29}},"23":{"start":{"line":46,"column":8},"end":{"line":46,"column":44}},"24":{"start":{"line":47,"column":33},"end":{"line":47,"column":94}},"25":{"start":{"line":48,"column":8},"end":{"line":48,"column":64}},"26":{"start":{"line":49,"column":8},"end":{"line":49,"column":52}},"27":{"start":{"line":50,"column":8},"end":{"line":50,"column":58}},"28":{"start":{"line":51,"column":8},"end":{"line":51,"column":64}},"29":{"start":{"line":52,"column":8},"end":{"line":52,"column":22}},"30":{"start":{"line":62,"column":8},"end":{"line":62,"column":34}},"31":{"start":{"line":70,"column":8},"end":{"line":70,"column":31}},"32":{"start":{"line":78,"column":8},"end":{"line":78,"column":28}},"33":{"start":{"line":86,"column":8},"end":{"line":86,"column":34}},"34":{"start":{"line":94,"column":8},"end":{"line":94,"column":26}},"35":{"start":{"line":102,"column":8},"end":{"line":102,"column":28}},"36":{"start":{"line":110,"column":8},"end":{"line":110,"column":25}},"37":{"start":{"line":118,"column":8},"end":{"line":118,"column":24}},"38":{"start":{"line":126,"column":8},"end":{"line":126,"column":25}},"39":{"start":{"line":134,"column":8},"end":{"line":134,"column":23}},"40":{"start":{"line":142,"column":8},"end":{"line":142,"column":28}},"41":{"start":{"line":151,"column":8},"end":{"line":153,"column":9}},"42":{"start":{"line":152,"column":12},"end":{"line":152,"column":24}},"43":{"start":{"line":154,"column":8},"end":{"line":154,"column":21}},"44":{"start":{"line":158,"column":0},"end":{"line":158,"column":24}}},"fnMap":{"0":{"name":"(anonymous_0)","decl":{"start":{"line":16,"column":4},"end":{"line":16,"column":5}},"loc":{"start":{"line":16,"column":26},"end":{"line":18,"column":5}},"line":16},"1":{"name":"(anonymous_1)","decl":{"start":{"line":26,"column":4},"end":{"line":26,"column":5}},"loc":{"start":{"line":26,"column":55},"end":{"line":53,"column":5}},"line":26},"2":{"name":"(anonymous_2)","decl":{"start":{"line":61,"column":4},"end":{"line":61,"column":5}},"loc":{"start":{"line":61,"column":19},"end":{"line":63,"column":5}},"line":61},"3":{"name":"(anonymous_3)","decl":{"start":{"line":69,"column":4},"end":{"line":69,"column":5}},"loc":{"start":{"line":69,"column":16},"end":{"line":71,"column":5}},"line":69},"4":{"name":"(anonymous_4)","decl":{"start":{"line":77,"column":4},"end":{"line":77,"column":5}},"loc":{"start":{"line":77,"column":13},"end":{"line":79,"column":5}},"line":77},"5":{"name":"(anonymous_5)","decl":{"start":{"line":85,"column":4},"end":{"line":85,"column":5}},"loc":{"start":{"line":85,"column":19},"end":{"line":87,"column":5}},"line":85},"6":{"name":"(anonymous_6)","decl":{"start":{"line":93,"column":4},"end":{"line":93,"column":5}},"loc":{"start":{"line":93,"column":15},"end":{"line":95,"column":5}},"line":93},"7":{"name":"(anonymous_7)","decl":{"start":{"line":101,"column":4},"end":{"line":101,"column":5}},"loc":{"start":{"line":101,"column":21},"end":{"line":103,"column":5}},"line":101},"8":{"name":"(anonymous_8)","decl":{"start":{"line":109,"column":4},"end":{"line":109,"column":5}},"loc":{"start":{"line":109,"column":14},"end":{"line":111,"column":5}},"line":109},"9":{"name":"(anonymous_9)","decl":{"start":{"line":117,"column":4},"end":{"line":117,"column":5}},"loc":{"start":{"line":117,"column":13},"end":{"line":119,"column":5}},"line":117},"10":{"name":"(anonymous_10)","decl":{"start":{"line":125,"column":4},"end":{"line":125,"column":5}},"loc":{"start":{"line":125,"column":14},"end":{"line":127,"column":5}},"line":125},"11":{"name":"(anonymous_11)","decl":{"start":{"line":133,"column":4},"end":{"line":133,"column":5}},"loc":{"start":{"line":133,"column":12},"end":{"line":135,"column":5}},"line":133},"12":{"name":"(anonymous_12)","decl":{"start":{"line":141,"column":4},"end":{"line":141,"column":5}},"loc":{"start":{"line":141,"column":17},"end":{"line":143,"column":5}},"line":141},"13":{"name":"(anonymous_13)","decl":{"start":{"line":150,"column":4},"end":{"line":150,"column":5}},"loc":{"start":{"line":150,"column":16},"end":{"line":155,"column":5}},"line":150}},"branchMap":{"0":{"loc":{"start":{"line":39,"column":12},"end":{"line":40,"column":34}},"type":"if","locations":[{"start":{"line":39,"column":12},"end":{"line":40,"column":34}},{"start":{"line":39,"column":12},"end":{"line":40,"column":34}}],"line":39},"1":{"loc":{"start":{"line":39,"column":16},"end":{"line":39,"column":100}},"type":"binary-expr","locations":[{"start":{"line":39,"column":16},"end":{"line":39,"column":34}},{"start":{"line":39,"column":38},"end":{"line":39,"column":56}},{"start":{"line":39,"column":60},"end":{"line":39,"column":78}},{"start":{"line":39,"column":82},"end":{"line":39,"column":100}}],"line":39},"2":{"loc":{"start":{"line":41,"column":12},"end":{"line":44,"column":29}},"type":"if","locations":[{"start":{"line":41,"column":12},"end":{"line":44,"column":29}},{"start":{"line":41,"column":12},"end":{"line":44,"column":29}}],"line":41},"3":{"loc":{"start":{"line":151,"column":8},"end":{"line":153,"column":9}},"type":"if","locations":[{"start":{"line":151,"column":8},"end":{"line":153,"column":9}},{"start":{"line":151,"column":8},"end":{"line":153,"column":9}}],"line":151},"4":{"loc":{"start":{"line":151,"column":12},"end":{"line":151,"column":72}},"type":"binary-expr","locations":[{"start":{"line":151,"column":12},"end":{"line":151,"column":41}},{"start":{"line":151,"column":45},"end":{"line":151,"column":72}}],"line":151}},"s":{"0":2,"1":2,"2":2,"3":2,"4":2,"5":2,"6":39,"7":39,"8":39,"9":39,"10":39,"11":39,"12":39,"13":39,"14":39,"15":39,"16":39,"17":39,"18":208,"19":117,"20":208,"21":39,"22":169,"23":39,"24":39,"25":39,"26":39,"27":39,"28":39,"29":39,"30":1,"31":2,"32":2,"33":2,"34":2,"35":2,"36":2,"37":2,"38":2,"39":3,"40":2,"41":1,"42":1,"43":0,"44":2},"f":{"0":39,"1":39,"2":1,"3":2,"4":2,"5":2,"6":2,"7":2,"8":2,"9":2,"10":2,"11":3,"12":2,"13":1},"b":{"0":[117,91],"1":[208,169,130,130],"2":[39,169],"3":[1,0],"4":[1,1]},"_coverageSchema":"332fd63041d2c1bcb487cc26dd0d5f7d97098a6c","hash":"ffae10b4d90bb88884b5e57d5b8a18bba50b9e18"}
}
