TN:
SF:/Applications/XAMPP/xamppfiles/htdocs/2DAW/2DAW/DesarrolloWebEntornoCliente/testing/Actividad_Grupal/buggy_code/app/data/dataset_utils.js
FN:81,isForward
FN:103,isBack
FN:121,isMidfielder
FN:145,isGoalKeeper
FNF:4
FNH:4
FNDA:38,isForward
FNDA:38,isBack
FNDA:76,isMidfielder
FNDA:38,isGoalKeeper
DA:4,3
DA:83,38
DA:89,14
DA:91,24
DA:104,38
DA:111,0
DA:113,38
DA:122,76
DA:135,76
DA:137,0
DA:146,38
DA:147,0
DA:148,38
DA:149,0
DA:151,38
DA:154,3
DA:155,3
DA:156,3
DA:157,3
DA:158,3
LF:20
LH:16
BRDA:83,0,0,14
BRDA:83,0,1,24
BRDA:83,1,0,38
BRDA:83,1,1,38
BRDA:83,1,2,38
BRDA:83,1,3,38
BRDA:83,1,4,24
BRDA:83,1,5,24
BRDA:104,2,0,0
BRDA:104,2,1,38
BRDA:104,3,0,38
BRDA:104,3,1,38
BRDA:104,3,2,38
BRDA:104,3,3,38
BRDA:104,3,4,38
BRDA:104,3,5,38
BRDA:104,3,6,38
BRDA:122,4,0,76
BRDA:122,4,1,0
BRDA:122,5,0,76
BRDA:122,5,1,76
BRDA:122,5,2,76
BRDA:122,5,3,76
BRDA:122,5,4,76
BRDA:122,5,5,76
BRDA:122,5,6,76
BRDA:122,5,7,76
BRDA:122,5,8,76
BRDA:122,5,9,76
BRDA:122,5,10,76
BRDA:122,5,11,76
BRDA:122,5,12,52
BRDA:146,6,0,0
BRDA:146,6,1,38
BRDA:148,7,0,0
BRDA:148,7,1,38
BRDA:148,8,0,38
BRDA:148,8,1,0
BRDA:148,8,2,0
BRF:39
BRH:33
end_of_record
TN:
SF:/Applications/XAMPP/xamppfiles/htdocs/2DAW/2DAW/DesarrolloWebEntornoCliente/testing/Actividad_Grupal/buggy_code/app/data/json_reader.js
FN:11,extractDataFromRawJSON
FN:27,readJSONData
FNF:2
FNH:2
FNDA:12,extractDataFromRawJSON
FNDA:17,readJSONData
DA:1,3
DA:2,3
DA:3,3
DA:4,3
DA:12,12
DA:13,12
DA:14,36
DA:15,36
DA:16,36
DA:18,12
DA:28,17
DA:29,17
DA:30,17
DA:33,2
DA:34,1
DA:36,1
DA:38,15
DA:41,3
DA:42,3
LF:19
LH:19
BRDA:33,0,0,1
BRDA:33,0,1,1
BRF:2
BRH:2
end_of_record
TN:
SF:/Applications/XAMPP/xamppfiles/htdocs/2DAW/2DAW/DesarrolloWebEntornoCliente/testing/Actividad_Grupal/buggy_code/app/data/player.js
FN:16,(anonymous_0)
FN:26,(anonymous_1)
FN:62,(anonymous_2)
FN:70,(anonymous_3)
FN:78,(anonymous_4)
FN:86,(anonymous_5)
FN:94,(anonymous_6)
FN:102,(anonymous_7)
FN:110,(anonymous_8)
FN:118,(anonymous_9)
FN:126,(anonymous_10)
FN:134,(anonymous_11)
FN:142,(anonymous_12)
FN:151,(anonymous_13)
FNF:14
FNH:14
FNDA:38,(anonymous_0)
FNDA:38,(anonymous_1)
FNDA:1,(anonymous_2)
FNDA:2,(anonymous_3)
FNDA:2,(anonymous_4)
FNDA:2,(anonymous_5)
FNDA:6,(anonymous_6)
FNDA:2,(anonymous_7)
FNDA:2,(anonymous_8)
FNDA:2,(anonymous_9)
FNDA:3,(anonymous_10)
FNDA:11,(anonymous_11)
FNDA:2,(anonymous_12)
FNDA:5,(anonymous_13)
DA:1,3
DA:2,3
DA:3,3
DA:4,3
DA:5,3
DA:6,3
DA:17,38
DA:28,38
DA:29,38
DA:30,38
DA:31,38
DA:32,38
DA:33,38
DA:34,38
DA:36,38
DA:37,38
DA:38,38
DA:39,38
DA:40,204
DA:41,114
DA:42,204
DA:43,38
DA:45,166
DA:47,38
DA:48,38
DA:49,38
DA:50,38
DA:51,38
DA:52,38
DA:53,38
DA:63,1
DA:71,2
DA:79,2
DA:87,2
DA:95,6
DA:103,2
DA:111,2
DA:119,2
DA:127,3
DA:135,11
DA:143,2
DA:152,5
DA:153,2
DA:155,3
DA:159,3
LF:45
LH:45
BRDA:40,0,0,114
BRDA:40,0,1,90
BRDA:40,1,0,204
BRDA:40,1,1,166
BRDA:40,1,2,128
BRDA:40,1,3,128
BRDA:42,2,0,38
BRDA:42,2,1,166
BRDA:152,3,0,2
BRDA:152,3,1,3
BRDA:152,4,0,5
BRDA:152,4,1,5
BRF:12
BRH:12
end_of_record
TN:
SF:/Applications/XAMPP/xamppfiles/htdocs/2DAW/2DAW/DesarrolloWebEntornoCliente/testing/Actividad_Grupal/buggy_code/app/data/team.js
FN:10,(anonymous_0)
FN:20,(anonymous_1)
FN:28,(anonymous_2)
FN:36,(anonymous_3)
FN:45,(anonymous_4)
FN:59,(anonymous_5)
FN:68,(anonymous_6)
FN:81,(anonymous_7)
FN:91,(anonymous_8)
FN:99,(anonymous_9)
FN:112,(anonymous_10)
FN:121,(anonymous_11)
FN:123,(anonymous_12)
FN:137,(anonymous_13)
FN:161,(anonymous_14)
FN:189,(anonymous_15)
FN:190,(anonymous_16)
FN:191,(anonymous_17)
FN:192,(anonymous_18)
FN:202,(anonymous_19)
FNF:20
FNH:9
FNDA:3,(anonymous_0)
FNDA:1,(anonymous_1)
FNDA:2,(anonymous_2)
FNDA:2,(anonymous_3)
FNDA:5,(anonymous_4)
FNDA:1,(anonymous_5)
FNDA:4,(anonymous_6)
FNDA:1,(anonymous_7)
FNDA:1,(anonymous_8)
FNDA:0,(anonymous_9)
FNDA:0,(anonymous_10)
FNDA:0,(anonymous_11)
FNDA:0,(anonymous_12)
FNDA:0,(anonymous_13)
FNDA:0,(anonymous_14)
FNDA:0,(anonymous_15)
FNDA:0,(anonymous_16)
FNDA:0,(anonymous_17)
FNDA:0,(anonymous_18)
FNDA:0,(anonymous_19)
DA:11,3
DA:12,3
DA:13,3
DA:21,1
DA:29,2
DA:37,2
DA:47,5
DA:48,4
DA:49,1
DA:52,4
DA:60,1
DA:69,4
DA:70,4
DA:71,4
DA:72,4
DA:74,0
DA:82,1
DA:83,3
DA:92,1
DA:100,0
DA:101,0
DA:102,0
DA:114,0
DA:116,0
DA:117,0
DA:121,0
DA:123,0
DA:124,0
DA:127,0
DA:138,0
DA:139,0
DA:141,0
DA:142,0
DA:144,0
DA:145,0
DA:146,0
DA:147,0
DA:149,0
DA:163,0
DA:164,0
DA:165,0
DA:166,0
DA:167,0
DA:168,0
DA:169,0
DA:171,0
DA:172,0
DA:174,0
DA:175,0
DA:177,0
DA:178,0
DA:183,0
DA:184,0
DA:186,0
DA:188,0
DA:189,0
DA:190,0
DA:191,0
DA:192,0
DA:194,0
DA:196,0
DA:198,0
DA:200,0
DA:202,0
DA:204,0
DA:214,1
LF:66
LH:19
BRDA:48,0,0,1
BRDA:48,0,1,3
BRDA:69,1,0,4
BRDA:69,1,1,0
BRDA:116,2,0,0
BRDA:116,2,1,0
BRDA:123,3,0,0
BRDA:123,3,1,0
BRDA:138,4,0,0
BRDA:138,4,1,0
BRDA:168,5,0,0
BRDA:168,5,1,0
BRDA:171,6,0,0
BRDA:171,6,1,0
BRDA:174,7,0,0
BRDA:174,7,1,0
BRDA:177,8,0,0
BRDA:177,8,1,0
BRF:18
BRH:3
end_of_record
