TN:
SF:/Applications/XAMPP/xamppfiles/htdocs/2DAW/2DAW/DesarrolloWebEntornoCliente/testing/Actividad_Grupal/buggy_code/app/data/dataset_utils.js
FN:81,isForward
FN:99,isBack
FN:117,isMidfielder
FN:141,isGoalKeeper
FNF:4
FNH:4
FNDA:3,isForward
FNDA:3,isBack
FNDA:6,isMidfielder
FNDA:3,isGoalKeeper
DA:4,1
DA:82,3
DA:88,1
DA:90,2
DA:100,3
DA:107,0
DA:109,3
DA:118,6
DA:131,6
DA:133,0
DA:142,3
DA:143,0
DA:144,3
DA:145,0
DA:147,3
DA:150,1
DA:151,1
DA:152,1
DA:153,1
DA:154,1
LF:20
LH:16
BRDA:82,0,0,1
BRDA:82,0,1,2
BRDA:82,1,0,3
BRDA:82,1,1,3
BRDA:82,1,2,3
BRDA:82,1,3,3
BRDA:82,1,4,2
BRDA:82,1,5,2
BRDA:100,2,0,0
BRDA:100,2,1,3
BRDA:100,3,0,3
BRDA:100,3,1,3
BRDA:100,3,2,3
BRDA:100,3,3,3
BRDA:100,3,4,3
BRDA:100,3,5,3
BRDA:100,3,6,3
BRDA:118,4,0,6
BRDA:118,4,1,0
BRDA:118,5,0,6
BRDA:118,5,1,6
BRDA:118,5,2,6
BRDA:118,5,3,6
BRDA:118,5,4,6
BRDA:118,5,5,6
BRDA:118,5,6,6
BRDA:118,5,7,6
BRDA:118,5,8,6
BRDA:118,5,9,6
BRDA:118,5,10,6
BRDA:118,5,11,6
BRDA:118,5,12,4
BRDA:142,6,0,0
BRDA:142,6,1,3
BRDA:144,7,0,0
BRDA:144,7,1,3
BRDA:144,8,0,3
BRDA:144,8,1,0
BRDA:144,8,2,0
BRF:39
BRH:33
end_of_record
TN:
SF:/Applications/XAMPP/xamppfiles/htdocs/2DAW/2DAW/DesarrolloWebEntornoCliente/testing/Actividad_Grupal/buggy_code/app/data/json_reader.js
FN:11,extractDataFromRawJSON
FN:28,readJSONData
FNF:2
FNH:2
FNDA:1,extractDataFromRawJSON
FNDA:4,readJSONData
DA:1,1
DA:2,1
DA:3,1
DA:4,1
DA:12,1
DA:13,1
DA:14,3
DA:15,3
DA:17,3
DA:19,1
DA:29,4
DA:30,4
DA:31,4
DA:33,2
DA:34,1
DA:36,1
DA:38,2
DA:41,1
DA:42,1
LF:19
LH:19
BRDA:33,0,0,1
BRDA:33,0,1,1
BRF:2
BRH:2
end_of_record
TN:
SF:/Applications/XAMPP/xamppfiles/htdocs/2DAW/2DAW/DesarrolloWebEntornoCliente/testing/Actividad_Grupal/buggy_code/app/data/player.js
FN:16,(anonymous_0)
FN:26,(anonymous_1)
FN:49,(anonymous_2)
FN:57,(anonymous_3)
FN:65,(anonymous_4)
FN:73,(anonymous_5)
FN:81,(anonymous_6)
FN:89,(anonymous_7)
FN:97,(anonymous_8)
FN:105,(anonymous_9)
FN:113,(anonymous_10)
FN:121,(anonymous_11)
FN:129,(anonymous_12)
FN:138,(anonymous_13)
FNF:14
FNH:7
FNDA:3,(anonymous_0)
FNDA:3,(anonymous_1)
FNDA:0,(anonymous_2)
FNDA:0,(anonymous_3)
FNDA:0,(anonymous_4)
FNDA:0,(anonymous_5)
FNDA:1,(anonymous_6)
FNDA:1,(anonymous_7)
FNDA:0,(anonymous_8)
FNDA:1,(anonymous_9)
FNDA:1,(anonymous_10)
FNDA:0,(anonymous_11)
FNDA:1,(anonymous_12)
FNDA:0,(anonymous_13)
DA:1,1
DA:2,1
DA:3,1
DA:4,1
DA:5,1
DA:6,1
DA:17,3
DA:27,3
DA:28,3
DA:29,3
DA:30,3
DA:31,3
DA:32,3
DA:33,3
DA:34,3
DA:35,3
DA:36,3
DA:37,3
DA:38,3
DA:39,3
DA:40,3
DA:50,0
DA:58,0
DA:66,0
DA:74,0
DA:82,1
DA:90,1
DA:98,0
DA:106,1
DA:114,1
DA:122,0
DA:130,1
DA:139,0
DA:140,0
DA:142,0
DA:146,1
LF:36
LH:27
BRDA:139,0,0,0
BRDA:139,0,1,0
BRDA:139,1,0,0
BRDA:139,1,1,0
BRF:4
BRH:0
end_of_record
