{"/Applications/XAMPP/xamppfiles/htdocs/2DAW/2DAW/DesarrolloWebEntornoCliente/testing/example_testing/fraction.js": {"path":"/Applications/XAMPP/xamppfiles/htdocs/2DAW/2DAW/DesarrolloWebEntornoCliente/testing/example_testing/fraction.js","statementMap":{"0":{"start":{"line":17,"column":8},"end":{"line":19,"column":9}},"1":{"start":{"line":18,"column":12},"end":{"line":18,"column":72}},"2":{"start":{"line":20,"column":8},"end":{"line":22,"column":9}},"3":{"start":{"line":21,"column":12},"end":{"line":21,"column":74}},"4":{"start":{"line":23,"column":8},"end":{"line":23,"column":35}},"5":{"start":{"line":24,"column":8},"end":{"line":24,"column":39}},"6":{"start":{"line":25,"column":8},"end":{"line":25,"column":25}},"7":{"start":{"line":33,"column":18},"end":{"line":33,"column":63}},"8":{"start":{"line":34,"column":8},"end":{"line":34,"column":44}},"9":{"start":{"line":35,"column":8},"end":{"line":35,"column":48}},"10":{"start":{"line":46,"column":8},"end":{"line":48,"column":9}},"11":{"start":{"line":47,"column":12},"end":{"line":47,"column":78}},"12":{"start":{"line":49,"column":8},"end":{"line":51,"column":9}},"13":{"start":{"line":50,"column":12},"end":{"line":50,"column":79}},"14":{"start":{"line":53,"column":25},"end":{"line":53,"column":38}},"15":{"start":{"line":54,"column":25},"end":{"line":54,"column":26}},"16":{"start":{"line":55,"column":8},"end":{"line":59,"column":9}},"17":{"start":{"line":56,"column":12},"end":{"line":58,"column":13}},"18":{"start":{"line":57,"column":16},"end":{"line":57,"column":31}},"19":{"start":{"line":60,"column":8},"end":{"line":60,"column":26}},"20":{"start":{"line":71,"column":8},"end":{"line":73,"column":9}},"21":{"start":{"line":72,"column":12},"end":{"line":72,"column":78}},"22":{"start":{"line":74,"column":8},"end":{"line":76,"column":9}},"23":{"start":{"line":75,"column":12},"end":{"line":75,"column":79}},"24":{"start":{"line":78,"column":24},"end":{"line":78,"column":37}},"25":{"start":{"line":79,"column":26},"end":{"line":79,"column":29}},"26":{"start":{"line":81,"column":8},"end":{"line":85,"column":9}},"27":{"start":{"line":82,"column":12},"end":{"line":84,"column":13}},"28":{"start":{"line":83,"column":16},"end":{"line":83,"column":25}},"29":{"start":{"line":86,"column":8},"end":{"line":86,"column":27}},"30":{"start":{"line":96,"column":24},"end":{"line":96,"column":45}},"31":{"start":{"line":97,"column":8},"end":{"line":99,"column":9}},"32":{"start":{"line":98,"column":12},"end":{"line":98,"column":72}},"33":{"start":{"line":100,"column":8},"end":{"line":104,"column":9}},"34":{"start":{"line":101,"column":12},"end":{"line":101,"column":58}},"35":{"start":{"line":103,"column":12},"end":{"line":103,"column":82}},"36":{"start":{"line":105,"column":18},"end":{"line":105,"column":74}},"37":{"start":{"line":106,"column":27},"end":{"line":106,"column":118}},"38":{"start":{"line":107,"column":29},"end":{"line":107,"column":32}},"39":{"start":{"line":108,"column":26},"end":{"line":108,"column":67}},"40":{"start":{"line":109,"column":8},"end":{"line":109,"column":32}},"41":{"start":{"line":110,"column":8},"end":{"line":110,"column":27}},"42":{"start":{"line":120,"column":24},"end":{"line":120,"column":45}},"43":{"start":{"line":121,"column":8},"end":{"line":123,"column":9}},"44":{"start":{"line":122,"column":12},"end":{"line":122,"column":72}},"45":{"start":{"line":124,"column":8},"end":{"line":128,"column":9}},"46":{"start":{"line":125,"column":12},"end":{"line":125,"column":58}},"47":{"start":{"line":127,"column":12},"end":{"line":127,"column":82}},"48":{"start":{"line":129,"column":27},"end":{"line":129,"column":65}},"49":{"start":{"line":130,"column":29},"end":{"line":130,"column":71}},"50":{"start":{"line":131,"column":26},"end":{"line":131,"column":67}},"51":{"start":{"line":132,"column":8},"end":{"line":132,"column":32}},"52":{"start":{"line":133,"column":8},"end":{"line":133,"column":27}},"53":{"start":{"line":143,"column":20},"end":{"line":143,"column":46}},"54":{"start":{"line":144,"column":8},"end":{"line":144,"column":31}},"55":{"start":{"line":154,"column":24},"end":{"line":154,"column":45}},"56":{"start":{"line":155,"column":8},"end":{"line":157,"column":9}},"57":{"start":{"line":156,"column":12},"end":{"line":156,"column":72}},"58":{"start":{"line":158,"column":8},"end":{"line":162,"column":9}},"59":{"start":{"line":159,"column":12},"end":{"line":159,"column":58}},"60":{"start":{"line":161,"column":12},"end":{"line":161,"column":82}},"61":{"start":{"line":163,"column":27},"end":{"line":163,"column":67}},"62":{"start":{"line":164,"column":29},"end":{"line":164,"column":69}},"63":{"start":{"line":165,"column":26},"end":{"line":165,"column":67}},"64":{"start":{"line":166,"column":8},"end":{"line":166,"column":32}},"65":{"start":{"line":167,"column":8},"end":{"line":167,"column":27}},"66":{"start":{"line":175,"column":8},"end":{"line":175,"column":30}},"67":{"start":{"line":183,"column":8},"end":{"line":183,"column":32}},"68":{"start":{"line":187,"column":0},"end":{"line":187,"column":28}}},"fnMap":{"0":{"name":"(anonymous_0)","decl":{"start":{"line":16,"column":4},"end":{"line":16,"column":5}},"loc":{"start":{"line":16,"column":38},"end":{"line":26,"column":5}},"line":16},"1":{"name":"(anonymous_1)","decl":{"start":{"line":32,"column":4},"end":{"line":32,"column":5}},"loc":{"start":{"line":32,"column":15},"end":{"line":36,"column":5}},"line":32},"2":{"name":"(anonymous_2)","decl":{"start":{"line":45,"column":4},"end":{"line":45,"column":5}},"loc":{"start":{"line":45,"column":19},"end":{"line":61,"column":5}},"line":45},"3":{"name":"(anonymous_3)","decl":{"start":{"line":70,"column":4},"end":{"line":70,"column":5}},"loc":{"start":{"line":70,"column":19},"end":{"line":87,"column":5}},"line":70},"4":{"name":"(anonymous_4)","decl":{"start":{"line":95,"column":4},"end":{"line":95,"column":5}},"loc":{"start":{"line":95,"column":22},"end":{"line":111,"column":5}},"line":95},"5":{"name":"(anonymous_5)","decl":{"start":{"line":119,"column":4},"end":{"line":119,"column":5}},"loc":{"start":{"line":119,"column":27},"end":{"line":134,"column":5}},"line":119},"6":{"name":"(anonymous_6)","decl":{"start":{"line":142,"column":4},"end":{"line":142,"column":5}},"loc":{"start":{"line":142,"column":24},"end":{"line":145,"column":5}},"line":142},"7":{"name":"(anonymous_7)","decl":{"start":{"line":153,"column":4},"end":{"line":153,"column":5}},"loc":{"start":{"line":153,"column":25},"end":{"line":168,"column":5}},"line":153},"8":{"name":"(anonymous_8)","decl":{"start":{"line":174,"column":4},"end":{"line":174,"column":5}},"loc":{"start":{"line":174,"column":18},"end":{"line":176,"column":5}},"line":174},"9":{"name":"(anonymous_9)","decl":{"start":{"line":182,"column":4},"end":{"line":182,"column":5}},"loc":{"start":{"line":182,"column":20},"end":{"line":184,"column":5}},"line":182}},"branchMap":{"0":{"loc":{"start":{"line":17,"column":8},"end":{"line":19,"column":9}},"type":"if","locations":[{"start":{"line":17,"column":8},"end":{"line":19,"column":9}},{"start":{"line":17,"column":8},"end":{"line":19,"column":9}}],"line":17},"1":{"loc":{"start":{"line":20,"column":8},"end":{"line":22,"column":9}},"type":"if","locations":[{"start":{"line":20,"column":8},"end":{"line":22,"column":9}},{"start":{"line":20,"column":8},"end":{"line":22,"column":9}}],"line":20},"2":{"loc":{"start":{"line":46,"column":8},"end":{"line":48,"column":9}},"type":"if","locations":[{"start":{"line":46,"column":8},"end":{"line":48,"column":9}},{"start":{"line":46,"column":8},"end":{"line":48,"column":9}}],"line":46},"3":{"loc":{"start":{"line":49,"column":8},"end":{"line":51,"column":9}},"type":"if","locations":[{"start":{"line":49,"column":8},"end":{"line":51,"column":9}},{"start":{"line":49,"column":8},"end":{"line":51,"column":9}}],"line":49},"4":{"loc":{"start":{"line":56,"column":12},"end":{"line":58,"column":13}},"type":"if","locations":[{"start":{"line":56,"column":12},"end":{"line":58,"column":13}},{"start":{"line":56,"column":12},"end":{"line":58,"column":13}}],"line":56},"5":{"loc":{"start":{"line":56,"column":15},"end":{"line":56,"column":33}},"type":"binary-expr","locations":[{"start":{"line":56,"column":15},"end":{"line":56,"column":22}},{"start":{"line":56,"column":26},"end":{"line":56,"column":33}}],"line":56},"6":{"loc":{"start":{"line":71,"column":8},"end":{"line":73,"column":9}},"type":"if","locations":[{"start":{"line":71,"column":8},"end":{"line":73,"column":9}},{"start":{"line":71,"column":8},"end":{"line":73,"column":9}}],"line":71},"7":{"loc":{"start":{"line":74,"column":8},"end":{"line":76,"column":9}},"type":"if","locations":[{"start":{"line":74,"column":8},"end":{"line":76,"column":9}},{"start":{"line":74,"column":8},"end":{"line":76,"column":9}}],"line":74},"8":{"loc":{"start":{"line":82,"column":12},"end":{"line":84,"column":13}},"type":"if","locations":[{"start":{"line":82,"column":12},"end":{"line":84,"column":13}},{"start":{"line":82,"column":12},"end":{"line":84,"column":13}}],"line":82},"9":{"loc":{"start":{"line":82,"column":15},"end":{"line":82,"column":33}},"type":"binary-expr","locations":[{"start":{"line":82,"column":15},"end":{"line":82,"column":22}},{"start":{"line":82,"column":26},"end":{"line":82,"column":33}}],"line":82},"10":{"loc":{"start":{"line":97,"column":8},"end":{"line":99,"column":9}},"type":"if","locations":[{"start":{"line":97,"column":8},"end":{"line":99,"column":9}},{"start":{"line":97,"column":8},"end":{"line":99,"column":9}}],"line":97},"11":{"loc":{"start":{"line":97,"column":11},"end":{"line":97,"column":50}},"type":"binary-expr","locations":[{"start":{"line":97,"column":11},"end":{"line":97,"column":28}},{"start":{"line":97,"column":32},"end":{"line":97,"column":50}}],"line":97},"12":{"loc":{"start":{"line":100,"column":8},"end":{"line":104,"column":9}},"type":"if","locations":[{"start":{"line":100,"column":8},"end":{"line":104,"column":9}},{"start":{"line":100,"column":8},"end":{"line":104,"column":9}}],"line":100},"13":{"loc":{"start":{"line":100,"column":11},"end":{"line":100,"column":65}},"type":"binary-expr","locations":[{"start":{"line":100,"column":11},"end":{"line":100,"column":30}},{"start":{"line":100,"column":34},"end":{"line":100,"column":65}}],"line":100},"14":{"loc":{"start":{"line":121,"column":8},"end":{"line":123,"column":9}},"type":"if","locations":[{"start":{"line":121,"column":8},"end":{"line":123,"column":9}},{"start":{"line":121,"column":8},"end":{"line":123,"column":9}}],"line":121},"15":{"loc":{"start":{"line":121,"column":11},"end":{"line":121,"column":50}},"type":"binary-expr","locations":[{"start":{"line":121,"column":11},"end":{"line":121,"column":28}},{"start":{"line":121,"column":32},"end":{"line":121,"column":50}}],"line":121},"16":{"loc":{"start":{"line":124,"column":8},"end":{"line":128,"column":9}},"type":"if","locations":[{"start":{"line":124,"column":8},"end":{"line":128,"column":9}},{"start":{"line":124,"column":8},"end":{"line":128,"column":9}}],"line":124},"17":{"loc":{"start":{"line":124,"column":11},"end":{"line":124,"column":65}},"type":"binary-expr","locations":[{"start":{"line":124,"column":11},"end":{"line":124,"column":30}},{"start":{"line":124,"column":34},"end":{"line":124,"column":65}}],"line":124},"18":{"loc":{"start":{"line":155,"column":8},"end":{"line":157,"column":9}},"type":"if","locations":[{"start":{"line":155,"column":8},"end":{"line":157,"column":9}},{"start":{"line":155,"column":8},"end":{"line":157,"column":9}}],"line":155},"19":{"loc":{"start":{"line":155,"column":11},"end":{"line":155,"column":50}},"type":"binary-expr","locations":[{"start":{"line":155,"column":11},"end":{"line":155,"column":28}},{"start":{"line":155,"column":32},"end":{"line":155,"column":50}}],"line":155},"20":{"loc":{"start":{"line":158,"column":8},"end":{"line":162,"column":9}},"type":"if","locations":[{"start":{"line":158,"column":8},"end":{"line":162,"column":9}},{"start":{"line":158,"column":8},"end":{"line":162,"column":9}}],"line":158},"21":{"loc":{"start":{"line":158,"column":11},"end":{"line":158,"column":65}},"type":"binary-expr","locations":[{"start":{"line":158,"column":11},"end":{"line":158,"column":30}},{"start":{"line":158,"column":34},"end":{"line":158,"column":65}}],"line":158}},"s":{"0":2,"1":0,"2":2,"3":0,"4":2,"5":2,"6":2,"7":2,"8":2,"9":2,"10":2,"11":0,"12":2,"13":0,"14":2,"15":2,"16":2,"17":3,"18":1,"19":2,"20":0,"21":0,"22":0,"23":0,"24":0,"25":0,"26":0,"27":0,"28":0,"29":0,"30":0,"31":0,"32":0,"33":0,"34":0,"35":0,"36":0,"37":0,"38":0,"39":0,"40":0,"41":0,"42":0,"43":0,"44":0,"45":0,"46":0,"47":0,"48":0,"49":0,"50":0,"51":0,"52":0,"53":0,"54":0,"55":0,"56":0,"57":0,"58":0,"59":0,"60":0,"61":0,"62":0,"63":0,"64":0,"65":0,"66":2,"67":2,"68":1},"f":{"0":2,"1":2,"2":2,"3":0,"4":0,"5":0,"6":0,"7":0,"8":2,"9":2},"b":{"0":[0,2],"1":[0,2],"2":[0,2],"3":[0,2],"4":[1,2],"5":[3,2],"6":[0,0],"7":[0,0],"8":[0,0],"9":[0,0],"10":[0,0],"11":[0,0],"12":[0,0],"13":[0,0],"14":[0,0],"15":[0,0],"16":[0,0],"17":[0,0],"18":[0,0],"19":[0,0],"20":[0,0],"21":[0,0]},"_coverageSchema":"332fd63041d2c1bcb487cc26dd0d5f7d97098a6c","hash":"17f005c2c8fbcd7ea4a5231e14fb76141f9af98f"}
}
