{"/Applications/XAMPP/xamppfiles/htdocs/2DAW/2DAW/DesarrolloWebEntornoCliente/testing/EjemploFraction_testing/example_testing/fraction.js": {"path":"/Applications/XAMPP/xamppfiles/htdocs/2DAW/2DAW/DesarrolloWebEntornoCliente/testing/EjemploFraction_testing/example_testing/fraction.js","statementMap":{"0":{"start":{"line":17,"column":8},"end":{"line":19,"column":9}},"1":{"start":{"line":18,"column":12},"end":{"line":18,"column":72}},"2":{"start":{"line":20,"column":8},"end":{"line":22,"column":9}},"3":{"start":{"line":21,"column":12},"end":{"line":21,"column":74}},"4":{"start":{"line":23,"column":8},"end":{"line":23,"column":35}},"5":{"start":{"line":24,"column":8},"end":{"line":24,"column":39}},"6":{"start":{"line":25,"column":8},"end":{"line":25,"column":25}},"7":{"start":{"line":33,"column":18},"end":{"line":33,"column":63}},"8":{"start":{"line":34,"column":8},"end":{"line":34,"column":44}},"9":{"start":{"line":35,"column":8},"end":{"line":35,"column":48}},"10":{"start":{"line":46,"column":8},"end":{"line":48,"column":9}},"11":{"start":{"line":47,"column":12},"end":{"line":47,"column":78}},"12":{"start":{"line":49,"column":8},"end":{"line":51,"column":9}},"13":{"start":{"line":50,"column":12},"end":{"line":50,"column":79}},"14":{"start":{"line":53,"column":25},"end":{"line":53,"column":38}},"15":{"start":{"line":54,"column":25},"end":{"line":54,"column":26}},"16":{"start":{"line":55,"column":8},"end":{"line":59,"column":9}},"17":{"start":{"line":56,"column":12},"end":{"line":58,"column":13}},"18":{"start":{"line":57,"column":16},"end":{"line":57,"column":31}},"19":{"start":{"line":60,"column":8},"end":{"line":60,"column":26}},"20":{"start":{"line":71,"column":8},"end":{"line":73,"column":9}},"21":{"start":{"line":72,"column":12},"end":{"line":72,"column":78}},"22":{"start":{"line":74,"column":8},"end":{"line":76,"column":9}},"23":{"start":{"line":75,"column":12},"end":{"line":75,"column":79}},"24":{"start":{"line":78,"column":24},"end":{"line":78,"column":37}},"25":{"start":{"line":79,"column":26},"end":{"line":79,"column":29}},"26":{"start":{"line":81,"column":8},"end":{"line":85,"column":9}},"27":{"start":{"line":82,"column":12},"end":{"line":84,"column":13}},"28":{"start":{"line":83,"column":16},"end":{"line":83,"column":25}},"29":{"start":{"line":86,"column":8},"end":{"line":86,"column":27}},"30":{"start":{"line":97,"column":8},"end":{"line":99,"column":9}},"31":{"start":{"line":98,"column":12},"end":{"line":98,"column":72}},"32":{"start":{"line":100,"column":8},"end":{"line":102,"column":9}},"33":{"start":{"line":101,"column":12},"end":{"line":101,"column":58}},"34":{"start":{"line":103,"column":18},"end":{"line":103,"column":74}},"35":{"start":{"line":104,"column":27},"end":{"line":104,"column":118}},"36":{"start":{"line":105,"column":29},"end":{"line":105,"column":32}},"37":{"start":{"line":106,"column":26},"end":{"line":106,"column":67}},"38":{"start":{"line":107,"column":8},"end":{"line":107,"column":32}},"39":{"start":{"line":108,"column":8},"end":{"line":108,"column":27}},"40":{"start":{"line":118,"column":8},"end":{"line":120,"column":9}},"41":{"start":{"line":119,"column":12},"end":{"line":119,"column":72}},"42":{"start":{"line":121,"column":8},"end":{"line":123,"column":9}},"43":{"start":{"line":122,"column":12},"end":{"line":122,"column":58}},"44":{"start":{"line":124,"column":27},"end":{"line":124,"column":65}},"45":{"start":{"line":125,"column":29},"end":{"line":125,"column":71}},"46":{"start":{"line":126,"column":26},"end":{"line":126,"column":67}},"47":{"start":{"line":127,"column":8},"end":{"line":127,"column":32}},"48":{"start":{"line":128,"column":8},"end":{"line":128,"column":27}},"49":{"start":{"line":138,"column":20},"end":{"line":138,"column":46}},"50":{"start":{"line":139,"column":8},"end":{"line":139,"column":31}},"51":{"start":{"line":149,"column":8},"end":{"line":151,"column":9}},"52":{"start":{"line":150,"column":12},"end":{"line":150,"column":72}},"53":{"start":{"line":152,"column":8},"end":{"line":154,"column":9}},"54":{"start":{"line":153,"column":12},"end":{"line":153,"column":58}},"55":{"start":{"line":155,"column":27},"end":{"line":155,"column":67}},"56":{"start":{"line":156,"column":29},"end":{"line":156,"column":69}},"57":{"start":{"line":157,"column":26},"end":{"line":157,"column":67}},"58":{"start":{"line":158,"column":8},"end":{"line":158,"column":32}},"59":{"start":{"line":159,"column":8},"end":{"line":159,"column":27}},"60":{"start":{"line":167,"column":8},"end":{"line":167,"column":30}},"61":{"start":{"line":175,"column":8},"end":{"line":175,"column":32}},"62":{"start":{"line":179,"column":0},"end":{"line":179,"column":28}}},"fnMap":{"0":{"name":"(anonymous_0)","decl":{"start":{"line":16,"column":4},"end":{"line":16,"column":5}},"loc":{"start":{"line":16,"column":38},"end":{"line":26,"column":5}},"line":16},"1":{"name":"(anonymous_1)","decl":{"start":{"line":32,"column":4},"end":{"line":32,"column":5}},"loc":{"start":{"line":32,"column":15},"end":{"line":36,"column":5}},"line":32},"2":{"name":"(anonymous_2)","decl":{"start":{"line":45,"column":4},"end":{"line":45,"column":5}},"loc":{"start":{"line":45,"column":19},"end":{"line":61,"column":5}},"line":45},"3":{"name":"(anonymous_3)","decl":{"start":{"line":70,"column":4},"end":{"line":70,"column":5}},"loc":{"start":{"line":70,"column":19},"end":{"line":87,"column":5}},"line":70},"4":{"name":"(anonymous_4)","decl":{"start":{"line":95,"column":4},"end":{"line":95,"column":5}},"loc":{"start":{"line":95,"column":22},"end":{"line":109,"column":5}},"line":95},"5":{"name":"(anonymous_5)","decl":{"start":{"line":117,"column":4},"end":{"line":117,"column":5}},"loc":{"start":{"line":117,"column":27},"end":{"line":129,"column":5}},"line":117},"6":{"name":"(anonymous_6)","decl":{"start":{"line":137,"column":4},"end":{"line":137,"column":5}},"loc":{"start":{"line":137,"column":24},"end":{"line":140,"column":5}},"line":137},"7":{"name":"(anonymous_7)","decl":{"start":{"line":148,"column":4},"end":{"line":148,"column":5}},"loc":{"start":{"line":148,"column":25},"end":{"line":160,"column":5}},"line":148},"8":{"name":"(anonymous_8)","decl":{"start":{"line":166,"column":4},"end":{"line":166,"column":5}},"loc":{"start":{"line":166,"column":18},"end":{"line":168,"column":5}},"line":166},"9":{"name":"(anonymous_9)","decl":{"start":{"line":174,"column":4},"end":{"line":174,"column":5}},"loc":{"start":{"line":174,"column":20},"end":{"line":176,"column":5}},"line":174}},"branchMap":{"0":{"loc":{"start":{"line":17,"column":8},"end":{"line":19,"column":9}},"type":"if","locations":[{"start":{"line":17,"column":8},"end":{"line":19,"column":9}},{"start":{"line":17,"column":8},"end":{"line":19,"column":9}}],"line":17},"1":{"loc":{"start":{"line":20,"column":8},"end":{"line":22,"column":9}},"type":"if","locations":[{"start":{"line":20,"column":8},"end":{"line":22,"column":9}},{"start":{"line":20,"column":8},"end":{"line":22,"column":9}}],"line":20},"2":{"loc":{"start":{"line":46,"column":8},"end":{"line":48,"column":9}},"type":"if","locations":[{"start":{"line":46,"column":8},"end":{"line":48,"column":9}},{"start":{"line":46,"column":8},"end":{"line":48,"column":9}}],"line":46},"3":{"loc":{"start":{"line":49,"column":8},"end":{"line":51,"column":9}},"type":"if","locations":[{"start":{"line":49,"column":8},"end":{"line":51,"column":9}},{"start":{"line":49,"column":8},"end":{"line":51,"column":9}}],"line":49},"4":{"loc":{"start":{"line":56,"column":12},"end":{"line":58,"column":13}},"type":"if","locations":[{"start":{"line":56,"column":12},"end":{"line":58,"column":13}},{"start":{"line":56,"column":12},"end":{"line":58,"column":13}}],"line":56},"5":{"loc":{"start":{"line":56,"column":15},"end":{"line":56,"column":33}},"type":"binary-expr","locations":[{"start":{"line":56,"column":15},"end":{"line":56,"column":22}},{"start":{"line":56,"column":26},"end":{"line":56,"column":33}}],"line":56},"6":{"loc":{"start":{"line":71,"column":8},"end":{"line":73,"column":9}},"type":"if","locations":[{"start":{"line":71,"column":8},"end":{"line":73,"column":9}},{"start":{"line":71,"column":8},"end":{"line":73,"column":9}}],"line":71},"7":{"loc":{"start":{"line":74,"column":8},"end":{"line":76,"column":9}},"type":"if","locations":[{"start":{"line":74,"column":8},"end":{"line":76,"column":9}},{"start":{"line":74,"column":8},"end":{"line":76,"column":9}}],"line":74},"8":{"loc":{"start":{"line":82,"column":12},"end":{"line":84,"column":13}},"type":"if","locations":[{"start":{"line":82,"column":12},"end":{"line":84,"column":13}},{"start":{"line":82,"column":12},"end":{"line":84,"column":13}}],"line":82},"9":{"loc":{"start":{"line":82,"column":15},"end":{"line":82,"column":33}},"type":"binary-expr","locations":[{"start":{"line":82,"column":15},"end":{"line":82,"column":22}},{"start":{"line":82,"column":26},"end":{"line":82,"column":33}}],"line":82},"10":{"loc":{"start":{"line":97,"column":8},"end":{"line":99,"column":9}},"type":"if","locations":[{"start":{"line":97,"column":8},"end":{"line":99,"column":9}},{"start":{"line":97,"column":8},"end":{"line":99,"column":9}}],"line":97},"11":{"loc":{"start":{"line":97,"column":12},"end":{"line":97,"column":86}},"type":"binary-expr","locations":[{"start":{"line":97,"column":12},"end":{"line":97,"column":48}},{"start":{"line":97,"column":53},"end":{"line":97,"column":85}}],"line":97},"12":{"loc":{"start":{"line":100,"column":8},"end":{"line":102,"column":9}},"type":"if","locations":[{"start":{"line":100,"column":8},"end":{"line":102,"column":9}},{"start":{"line":100,"column":8},"end":{"line":102,"column":9}}],"line":100},"13":{"loc":{"start":{"line":118,"column":8},"end":{"line":120,"column":9}},"type":"if","locations":[{"start":{"line":118,"column":8},"end":{"line":120,"column":9}},{"start":{"line":118,"column":8},"end":{"line":120,"column":9}}],"line":118},"14":{"loc":{"start":{"line":118,"column":12},"end":{"line":118,"column":86}},"type":"binary-expr","locations":[{"start":{"line":118,"column":12},"end":{"line":118,"column":48}},{"start":{"line":118,"column":53},"end":{"line":118,"column":85}}],"line":118},"15":{"loc":{"start":{"line":121,"column":8},"end":{"line":123,"column":9}},"type":"if","locations":[{"start":{"line":121,"column":8},"end":{"line":123,"column":9}},{"start":{"line":121,"column":8},"end":{"line":123,"column":9}}],"line":121},"16":{"loc":{"start":{"line":149,"column":8},"end":{"line":151,"column":9}},"type":"if","locations":[{"start":{"line":149,"column":8},"end":{"line":151,"column":9}},{"start":{"line":149,"column":8},"end":{"line":151,"column":9}}],"line":149},"17":{"loc":{"start":{"line":149,"column":12},"end":{"line":149,"column":86}},"type":"binary-expr","locations":[{"start":{"line":149,"column":12},"end":{"line":149,"column":48}},{"start":{"line":149,"column":53},"end":{"line":149,"column":85}}],"line":149},"18":{"loc":{"start":{"line":152,"column":8},"end":{"line":154,"column":9}},"type":"if","locations":[{"start":{"line":152,"column":8},"end":{"line":154,"column":9}},{"start":{"line":152,"column":8},"end":{"line":154,"column":9}}],"line":152}},"s":{"0":24,"1":1,"2":23,"3":1,"4":22,"5":22,"6":22,"7":32,"8":32,"9":32,"10":39,"11":1,"12":38,"13":1,"14":37,"15":37,"16":37,"17":55,"18":5,"19":37,"20":9,"21":1,"22":8,"23":1,"24":7,"25":7,"26":7,"27":19,"28":7,"29":0,"30":4,"31":0,"32":4,"33":0,"34":4,"35":4,"36":4,"37":4,"38":4,"39":4,"40":4,"41":0,"42":4,"43":2,"44":4,"45":4,"46":4,"47":4,"48":4,"49":2,"50":2,"51":2,"52":0,"53":2,"54":0,"55":2,"56":2,"57":2,"58":2,"59":2,"60":6,"61":6,"62":1},"f":{"0":24,"1":32,"2":39,"3":9,"4":4,"5":4,"6":2,"7":2,"8":6,"9":6},"b":{"0":[1,23],"1":[1,22],"2":[1,38],"3":[1,37],"4":[5,50],"5":[55,19],"6":[1,8],"7":[1,7],"8":[7,12],"9":[19,11],"10":[0,4],"11":[4,0],"12":[0,4],"13":[0,4],"14":[4,2],"15":[2,2],"16":[0,2],"17":[2,0],"18":[0,2]},"_coverageSchema":"332fd63041d2c1bcb487cc26dd0d5f7d97098a6c","hash":"035d950ebf177d9ca81e4465b6053cb35d4e5291"}
}
