TN:
SF:/Applications/XAMPP/xamppfiles/htdocs/2DAW/2DAW/DesarrolloWebEntornoCliente/testing/EjemploFraction_testing/example_testing/fraction.js
FN:16,(anonymous_0)
FN:32,(anonymous_1)
FN:45,(anonymous_2)
FN:70,(anonymous_3)
FN:95,(anonymous_4)
FN:117,(anonymous_5)
FN:137,(anonymous_6)
FN:148,(anonymous_7)
FN:166,(anonymous_8)
FN:174,(anonymous_9)
FNF:10
FNH:10
FNDA:24,(anonymous_0)
FNDA:32,(anonymous_1)
FNDA:39,(anonymous_2)
FNDA:9,(anonymous_3)
FNDA:4,(anonymous_4)
FNDA:4,(anonymous_5)
FNDA:2,(anonymous_6)
FNDA:2,(anonymous_7)
FNDA:6,(anonymous_8)
FNDA:6,(anonymous_9)
DA:17,24
DA:18,1
DA:20,23
DA:21,1
DA:23,22
DA:24,22
DA:25,22
DA:33,32
DA:34,32
DA:35,32
DA:46,39
DA:47,1
DA:49,38
DA:50,1
DA:53,37
DA:54,37
DA:55,37
DA:56,55
DA:57,5
DA:60,37
DA:71,9
DA:72,1
DA:74,8
DA:75,1
DA:78,7
DA:79,7
DA:81,7
DA:82,19
DA:83,7
DA:86,0
DA:97,4
DA:98,0
DA:100,4
DA:101,0
DA:103,4
DA:104,4
DA:105,4
DA:106,4
DA:107,4
DA:108,4
DA:118,4
DA:119,0
DA:121,4
DA:122,2
DA:124,4
DA:125,4
DA:126,4
DA:127,4
DA:128,4
DA:138,2
DA:139,2
DA:149,2
DA:150,0
DA:152,2
DA:153,0
DA:155,2
DA:156,2
DA:157,2
DA:158,2
DA:159,2
DA:167,6
DA:175,6
DA:179,1
LF:63
LH:57
BRDA:17,0,0,1
BRDA:17,0,1,23
BRDA:20,1,0,1
BRDA:20,1,1,22
BRDA:46,2,0,1
BRDA:46,2,1,38
BRDA:49,3,0,1
BRDA:49,3,1,37
BRDA:56,4,0,5
BRDA:56,4,1,50
BRDA:56,5,0,55
BRDA:56,5,1,19
BRDA:71,6,0,1
BRDA:71,6,1,8
BRDA:74,7,0,1
BRDA:74,7,1,7
BRDA:82,8,0,7
BRDA:82,8,1,12
BRDA:82,9,0,19
BRDA:82,9,1,11
BRDA:97,10,0,0
BRDA:97,10,1,4
BRDA:97,11,0,4
BRDA:97,11,1,0
BRDA:100,12,0,0
BRDA:100,12,1,4
BRDA:118,13,0,0
BRDA:118,13,1,4
BRDA:118,14,0,4
BRDA:118,14,1,2
BRDA:121,15,0,2
BRDA:121,15,1,2
BRDA:149,16,0,0
BRDA:149,16,1,2
BRDA:149,17,0,2
BRDA:149,17,1,0
BRDA:152,18,0,0
BRDA:152,18,1,2
BRF:38
BRH:31
end_of_record
